2026-03-13 01:43:42,427 [INFO] __main__: Config loaded from: C:\Users\ethan\VSCode\Capstone\lead_lag_local\config\config.yaml
2026-03-13 01:43:42,428 [INFO] __main__: ======================================================================
2026-03-13 01:43:42,428 [INFO] __main__: PIPELINE START | window=2010-01-01→2010-12-31 | run_id=local_20260313_014342_d8c656
2026-03-13 01:43:42,428 [INFO] __main__:   step=all | workers=3 | monthly=False
2026-03-13 01:43:42,428 [INFO] __main__: ======================================================================
2026-03-13 01:43:45,079 [INFO] __main__: [RESIDUALS] Window 2010-01-01 → 2010-12-31
2026-03-13 01:43:46,533 [INFO] src.bq_io: BigQuery client initialized for project: capstone-487001
2026-03-13 01:43:49,430 [INFO] src.universe: Loaded 99 valid tickers
2026-03-13 01:43:49,430 [INFO] src.residuals: Computing residuals for window 2010-01-01 → 2010-12-31
2026-03-13 01:43:51,213 [INFO] src.bq_io: Loaded 24,825 price rows for 99 tickers (2010-01-01→2010-12-31)
2026-03-13 01:43:52,895 [INFO] src.residuals: DEBUG: Merged data has 24825 rows after joining prices and factors.
2026-03-13 01:43:53,052 [INFO] src.residuals: Residuals computed: 24,726 rows across 99 tickers
2026-03-13 01:43:59,385 [INFO] src.bq_io: Wrote 24,726 rows to capstone-487001.output_results_local.rolling_residuals (WRITE_APPEND)
2026-03-13 01:43:59,386 [INFO] __main__: [RESIDUALS] Done: 24,726 rows written
2026-03-13 01:43:59,386 [INFO] __main__: [PAIRS] Window 2010-01-01 → 2010-12-31 | 3 partitions across 3 workers
2026-03-13 02:35:57,855 [INFO] __main__:   Partition 1 ✓
2026-03-13 02:36:52,177 [INFO] __main__:   Partition 0 ✓
2026-03-13 02:36:55,905 [INFO] __main__:   Partition 2 ✓
2026-03-13 02:36:56,070 [INFO] __main__: [PAIRS] All 3 partitions complete
2026-03-13 02:36:56,424 [INFO] __main__: [AGGREGATION] Window 2010-01-01 → 2010-12-31
2026-03-13 02:36:56,424 [INFO] jobs.aggregation_job: === AGGREGATION JOB START === run_id=local_20260313_014342_d8c656, window=2010-01-01→2010-12-31
2026-03-13 02:36:56,424 [INFO] jobs.aggregation_job: Step 1: Loading raw pair results...
2026-03-13 02:37:00,842 [INFO] src.bq_io: Loaded 24,255 raw pair-lag records for window 2010-01-01
2026-03-13 02:37:00,842 [INFO] jobs.aggregation_job:   24,255 raw pair-lag records loaded
2026-03-13 02:37:00,843 [INFO] jobs.aggregation_job: Step 2: Applying Benjamini-Hochberg FDR...
2026-03-13 02:37:00,850 [INFO] src.fdr: Window 2010-01-01: 4,851 unique pairs with valid dCor
2026-03-13 02:37:00,853 [INFO] src.fdr: Window 2010-01-01: 0 / 4,851 pairs significant at FDR q < 0.05
2026-03-13 02:37:05,656 [INFO] src.bq_io: Wrote 4,851 rows to capstone-487001.output_results_local.pair_results_filtered (WRITE_APPEND)
2026-03-13 02:37:05,657 [INFO] jobs.aggregation_job:   0 pairs significant after FDR
2026-03-13 02:37:05,658 [INFO] jobs.aggregation_job: Step 3: Computing OOS strategy returns...
2026-03-13 02:37:05,659 [WARNING] jobs.aggregation_job:   No OOS strategy returns computed (no significant pairs or no data)
2026-03-13 02:37:05,660 [INFO] jobs.aggregation_job: Step 4: Computing global OOS Sharpe per pair...
2026-03-13 02:37:05,660 [INFO] src.oos_model: Computing global OOS Sharpe per pair...
2026-03-13 02:37:07,367 [INFO] src.bq_io: Loaded 0 OOS return records
2026-03-13 02:37:07,368 [WARNING] src.oos_model: No OOS strategy returns found.
2026-03-13 02:37:07,368 [INFO] jobs.aggregation_job:   Global Sharpe computed for 0 pairs
2026-03-13 02:37:07,369 [INFO] jobs.aggregation_job: Step 5: Computing stability metrics across all windows...
2026-03-13 02:37:07,369 [INFO] src.stability: Computing stability metrics across all windows...
2026-03-13 02:37:09,287 [INFO] src.bq_io: Loaded 0 filtered pair records across all windows
2026-03-13 02:37:09,288 [WARNING] src.stability: No filtered pair results found. Cannot compute stability.
2026-03-13 02:37:09,290 [INFO] jobs.aggregation_job:   Stability metrics for 0 pairs
2026-03-13 02:37:09,291 [INFO] jobs.aggregation_job: Step 6: Using frozen β weights (monthly update mode)...
2026-03-13 02:37:11,168 [WARNING] jobs.aggregation_job: No model weights found. Cannot compute stability scores.
2026-03-13 02:37:11,169 [INFO] jobs.aggregation_job:   No frozen weights found. Running initial model fit...
2026-03-13 02:37:11,169 [INFO] jobs.aggregation_job: Step 7: Computing predicted Sharpe and Signal Strength...
2026-03-13 02:37:11,171 [INFO] jobs.aggregation_job: Step 8: Building final_network...
2026-03-13 02:37:13,152 [WARNING] jobs.aggregation_job: Step 8: No stability data to build final_network. Skipping.
2026-03-13 02:37:13,153 [WARNING] jobs.aggregation_job:   Skipping final_network update — no data.
2026-03-13 02:37:13,154 [INFO] jobs.aggregation_job: Step 9: Computing network centrality...
2026-03-13 02:37:15,002 [WARNING] src.network: No network data found for 2026-03-13
2026-03-13 02:37:15,004 [INFO] jobs.aggregation_job: Step 10: Running Monte Carlo simulation...
2026-03-13 02:37:16,673 [INFO] src.bq_io: Loaded 0 OOS return records
2026-03-13 02:37:16,674 [INFO] jobs.aggregation_job: Step 11: Running synthetic health check...
2026-03-13 02:37:16,675 [INFO] src.synthetic: Running synthetic health check (fixed seed)...
