2026-03-13 11:52:04,201 [INFO] __main__: Config loaded from: C:\Users\ethan\VSCode\Capstone\lead_lag_local\config\config.yaml
2026-03-13 11:52:04,201 [INFO] __main__: ======================================================================
2026-03-13 11:52:04,202 [INFO] __main__: PIPELINE START | window=2011-04-01→2012-03-31 | run_id=local_20260313_115204_85c5f6
2026-03-13 11:52:04,202 [INFO] __main__:   step=all | workers=3 | monthly=False
2026-03-13 11:52:04,202 [INFO] __main__: ======================================================================
2026-03-13 11:52:07,007 [INFO] __main__: [RESIDUALS] Window 2011-04-01 → 2012-03-31
2026-03-13 11:52:08,476 [INFO] src.bq_io: BigQuery client initialized for project: capstone-487001
2026-03-13 11:52:11,585 [INFO] src.universe: Loaded 99 valid tickers
2026-03-13 11:52:11,585 [INFO] src.residuals: Computing residuals for window 2011-04-01 → 2012-03-31
2026-03-13 11:52:14,063 [INFO] src.bq_io: Loaded 24,948 price rows for 99 tickers (2011-04-01→2012-03-31)
2026-03-13 11:52:16,049 [INFO] src.residuals: DEBUG: Merged data has 24948 rows after joining prices and factors.
2026-03-13 11:52:16,196 [INFO] src.residuals: Residuals computed: 24,849 rows across 99 tickers
2026-03-13 11:52:48,935 [INFO] src.bq_io: Wrote 24,849 rows to capstone-487001.output_results_local.rolling_residuals (WRITE_APPEND)
2026-03-13 11:52:48,935 [INFO] __main__: [RESIDUALS] Done: 24,849 rows written
2026-03-13 11:52:48,936 [INFO] __main__: [PAIRS] Window 2011-04-01 → 2012-03-31 | 3 partitions across 3 workers
2026-03-13 12:36:44,269 [INFO] __main__:   Partition 1 ✓
2026-03-13 12:36:45,846 [INFO] __main__:   Partition 0 ✓
2026-03-13 12:39:24,876 [INFO] __main__:   Partition 2 ✓
2026-03-13 12:39:25,036 [INFO] __main__: [PAIRS] All 3 partitions complete
2026-03-13 12:39:25,366 [INFO] __main__: [AGGREGATION] Window 2011-04-01 → 2012-03-31
2026-03-13 12:39:25,367 [INFO] jobs.aggregation_job: === AGGREGATION JOB START === run_id=local_20260313_115204_85c5f6, window=2011-04-01→2012-03-31
2026-03-13 12:39:25,367 [INFO] jobs.aggregation_job: Step 1: Loading raw pair results...
2026-03-13 12:39:29,042 [INFO] src.bq_io: Loaded 24,255 raw pair-lag records for window 2011-04-01
2026-03-13 12:39:29,042 [INFO] jobs.aggregation_job:   24,255 raw pair-lag records loaded
2026-03-13 12:39:29,042 [INFO] jobs.aggregation_job: Step 2: Applying Benjamini-Hochberg FDR...
2026-03-13 12:39:29,050 [INFO] src.fdr: Window 2011-04-01: 4,851 unique pairs with valid dCor
2026-03-13 12:39:29,053 [INFO] src.fdr: Window 2011-04-01: 0 / 4,851 pairs significant at FDR q < 0.05
2026-03-13 12:39:33,379 [INFO] src.bq_io: Wrote 4,851 rows to capstone-487001.output_results_local.pair_results_filtered (WRITE_APPEND)
2026-03-13 12:39:33,379 [INFO] jobs.aggregation_job:   0 pairs significant after FDR
2026-03-13 12:39:33,380 [INFO] jobs.aggregation_job: Step 3: Computing OOS strategy returns...
2026-03-13 12:39:33,381 [WARNING] jobs.aggregation_job:   No OOS strategy returns computed (no significant pairs or no data)
2026-03-13 12:39:33,381 [INFO] jobs.aggregation_job: Step 4: Computing global OOS Sharpe per pair...
2026-03-13 12:39:33,382 [INFO] src.oos_model: Computing global OOS Sharpe per pair...
2026-03-13 12:39:35,393 [INFO] src.bq_io: Loaded 0 OOS return records
2026-03-13 12:39:35,394 [WARNING] src.oos_model: No OOS strategy returns found.
2026-03-13 12:39:35,397 [INFO] jobs.aggregation_job:   Global Sharpe computed for 0 pairs
2026-03-13 12:39:35,398 [INFO] jobs.aggregation_job: Step 5: Computing stability metrics across all windows...
2026-03-13 12:39:35,398 [INFO] src.stability: Computing stability metrics across all windows...
2026-03-13 12:39:37,279 [INFO] src.bq_io: Loaded 0 filtered pair records across all windows
2026-03-13 12:39:37,280 [WARNING] src.stability: No filtered pair results found. Cannot compute stability.
2026-03-13 12:39:37,280 [INFO] jobs.aggregation_job:   Stability metrics for 0 pairs
2026-03-13 12:39:37,281 [INFO] jobs.aggregation_job: Step 6: Using frozen β weights (monthly update mode)...
2026-03-13 12:39:39,217 [WARNING] jobs.aggregation_job: No model weights found. Cannot compute stability scores.
2026-03-13 12:39:39,218 [INFO] jobs.aggregation_job:   No frozen weights found. Running initial model fit...
2026-03-13 12:39:39,219 [INFO] jobs.aggregation_job: Step 7: Computing predicted Sharpe and Signal Strength...
2026-03-13 12:39:39,222 [INFO] jobs.aggregation_job: Step 8: Building final_network...
2026-03-13 12:39:40,929 [WARNING] jobs.aggregation_job: Step 8: No stability data to build final_network. Skipping.
2026-03-13 12:39:40,930 [WARNING] jobs.aggregation_job:   Skipping final_network update — no data.
2026-03-13 12:39:40,930 [INFO] jobs.aggregation_job: Step 9: Computing network centrality...
2026-03-13 12:39:43,091 [WARNING] src.network: No network data found for 2026-03-13
2026-03-13 12:39:43,092 [INFO] jobs.aggregation_job: Step 10: Running Monte Carlo simulation...
2026-03-13 12:39:44,962 [INFO] src.bq_io: Loaded 0 OOS return records
2026-03-13 12:39:44,963 [INFO] jobs.aggregation_job: Step 11: Running synthetic health check...
2026-03-13 12:39:44,963 [INFO] src.synthetic: Running synthetic health check (fixed seed)...
2026-03-13 12:58:43,338 [INFO] src.synthetic: Synthetic health check: TPR=98.00%, FPR=2.67%, Rank Acc=96.00%, Status=PASS
2026-03-13 12:58:47,444 [INFO] src.bq_io: Wrote 1 rows to capstone-487001.output_results_local.synthetic_health_log (WRITE_APPEND)
2026-03-13 12:58:47,444 [INFO] src.bq_io: Synthetic health check result logged.
2026-03-13 12:58:47,445 [INFO] jobs.aggregation_job:   Health check: PASS
2026-03-13 12:58:51,648 [INFO] src.bq_io: Wrote 1 rows to capstone-487001.output_results_local.pipeline_run_log (WRITE_APPEND)
2026-03-13 12:58:51,649 [INFO] jobs.aggregation_job: === AGGREGATION JOB COMPLETE === 1162.1s
2026-03-13 12:58:51,650 [INFO] __main__: [AGGREGATION] Done
2026-03-13 12:58:51,651 [INFO] __main__: PIPELINE COMPLETE | 4007.4s | window=2011-04-01→2012-03-31
