2026-03-13 11:52:51,376 [INFO] jobs.pair_job: Pair job starting: window=2011-04-01→2012-03-31, partition=2/3, run_id=local_20260313_115204_85c5f6
2026-03-13 11:52:51,376 [INFO] jobs.pair_job: Pair job starting: window=2011-04-01→2012-03-31, partition=0/3, run_id=local_20260313_115204_85c5f6
2026-03-13 11:52:51,380 [INFO] jobs.pair_job: Pair job starting: window=2011-04-01→2012-03-31, partition=1/3, run_id=local_20260313_115204_85c5f6
2026-03-13 11:52:52,864 [INFO] src.bq_io: BigQuery client initialized for project: capstone-487001
2026-03-13 11:52:52,865 [INFO] src.bq_io: BigQuery client initialized for project: capstone-487001
2026-03-13 11:52:52,865 [INFO] src.bq_io: BigQuery client initialized for project: capstone-487001
2026-03-13 11:52:56,810 [INFO] src.bq_io: Loaded 24,849 residual rows for window 2011-04-01→2012-03-31
2026-03-13 11:52:56,914 [INFO] jobs.pair_job: Loaded residuals: 99 tickers, 251 dates
2026-03-13 11:52:56,953 [INFO] src.bq_io: Loaded 24,849 residual rows for window 2011-04-01→2012-03-31
2026-03-13 11:52:57,037 [INFO] jobs.pair_job: Loaded residuals: 99 tickers, 251 dates
2026-03-13 11:52:57,049 [INFO] src.bq_io: Loaded 24,849 residual rows for window 2011-04-01→2012-03-31
2026-03-13 11:52:57,140 [INFO] jobs.pair_job: Loaded residuals: 99 tickers, 251 dates
2026-03-13 11:52:58,637 [INFO] src.universe: Loaded 99 valid tickers
2026-03-13 11:52:58,638 [INFO] src.universe: Generated 4,851 pairs from 99 tickers
2026-03-13 11:52:58,639 [INFO] src.universe: Partition 1/3: 1,617 / 4,851 pairs assigned
2026-03-13 11:52:58,639 [INFO] jobs.pair_job: Partition 1: processing 1,617 pairs
2026-03-13 11:52:58,763 [INFO] src.universe: Loaded 99 valid tickers
2026-03-13 11:52:58,764 [INFO] src.universe: Generated 4,851 pairs from 99 tickers
2026-03-13 11:52:58,764 [INFO] src.universe: Partition 2/3: 1,617 / 4,851 pairs assigned
2026-03-13 11:52:58,764 [INFO] jobs.pair_job: Partition 2: processing 1,617 pairs
2026-03-13 11:52:58,811 [INFO] src.universe: Loaded 99 valid tickers
2026-03-13 11:52:58,812 [INFO] src.universe: Generated 4,851 pairs from 99 tickers
2026-03-13 11:52:58,813 [INFO] src.universe: Partition 0/3: 1,617 / 4,851 pairs assigned
2026-03-13 11:52:58,813 [INFO] jobs.pair_job: Partition 0: processing 1,617 pairs
2026-03-13 12:06:31,040 [INFO] src.bq_io: Wrote 2,500 rows to capstone-487001.output_results_local.pair_results_raw (WRITE_APPEND)
2026-03-13 12:06:31,040 [INFO] jobs.pair_job:   Flushed 2,500 rows (total written: 2,500)
2026-03-13 12:06:31,155 [INFO] src.bq_io: Wrote 2,500 rows to capstone-487001.output_results_local.pair_results_raw (WRITE_APPEND)
2026-03-13 12:06:31,155 [INFO] jobs.pair_job:   Flushed 2,500 rows (total written: 2,500)
2026-03-13 12:07:47,171 [INFO] src.bq_io: Wrote 2,500 rows to capstone-487001.output_results_local.pair_results_raw (WRITE_APPEND)
2026-03-13 12:07:47,171 [INFO] jobs.pair_job:   Flushed 2,500 rows (total written: 2,500)
2026-03-13 12:19:22,284 [INFO] jobs.pair_job:   Progress: 1,000/1,617 pairs
2026-03-13 12:19:26,992 [INFO] src.bq_io: Wrote 2,500 rows to capstone-487001.output_results_local.pair_results_raw (WRITE_APPEND)
2026-03-13 12:19:26,992 [INFO] jobs.pair_job:   Flushed 2,500 rows (total written: 5,000)
2026-03-13 12:19:55,851 [INFO] jobs.pair_job:   Progress: 1,000/1,617 pairs
2026-03-13 12:20:01,204 [INFO] src.bq_io: Wrote 2,500 rows to capstone-487001.output_results_local.pair_results_raw (WRITE_APPEND)
2026-03-13 12:20:01,205 [INFO] jobs.pair_job:   Flushed 2,500 rows (total written: 5,000)
2026-03-13 12:22:15,257 [INFO] jobs.pair_job:   Progress: 1,000/1,617 pairs
2026-03-13 12:22:22,697 [INFO] src.bq_io: Wrote 2,500 rows to capstone-487001.output_results_local.pair_results_raw (WRITE_APPEND)
2026-03-13 12:22:22,697 [INFO] jobs.pair_job:   Flushed 2,500 rows (total written: 5,000)
2026-03-13 12:33:24,317 [INFO] src.bq_io: Wrote 2,500 rows to capstone-487001.output_results_local.pair_results_raw (WRITE_APPEND)
2026-03-13 12:33:24,318 [INFO] jobs.pair_job:   Flushed 2,500 rows (total written: 7,500)
2026-03-13 12:33:27,075 [INFO] src.bq_io: Wrote 2,500 rows to capstone-487001.output_results_local.pair_results_raw (WRITE_APPEND)
2026-03-13 12:33:27,075 [INFO] jobs.pair_job:   Flushed 2,500 rows (total written: 7,500)
2026-03-13 12:36:23,695 [INFO] src.bq_io: Wrote 2,500 rows to capstone-487001.output_results_local.pair_results_raw (WRITE_APPEND)
2026-03-13 12:36:23,696 [INFO] jobs.pair_job:   Flushed 2,500 rows (total written: 7,500)
2026-03-13 12:36:35,271 [WARNING] src.permutation: BUDGET ALERT: 55.0% of pairs hit tier 3 permutations (threshold: 10.0%). Review compute costs.
2026-03-13 12:36:38,425 [WARNING] src.permutation: BUDGET ALERT: 55.7% of pairs hit tier 3 permutations (threshold: 10.0%). Review compute costs.
2026-03-13 12:36:40,109 [INFO] src.bq_io: Wrote 585 rows to capstone-487001.output_results_local.pair_results_raw (WRITE_APPEND)
2026-03-13 12:36:40,109 [INFO] jobs.pair_job:   Flushed final 585 rows (total written: 8,085)
2026-03-13 12:36:40,109 [INFO] jobs.pair_job: Wrote 8,085 total rows to pair_results_raw
2026-03-13 12:36:42,137 [INFO] src.bq_io: Wrote 585 rows to capstone-487001.output_results_local.pair_results_raw (WRITE_APPEND)
2026-03-13 12:36:42,137 [INFO] jobs.pair_job:   Flushed final 585 rows (total written: 8,085)
2026-03-13 12:36:42,138 [INFO] jobs.pair_job: Wrote 8,085 total rows to pair_results_raw
2026-03-13 12:36:44,268 [INFO] src.bq_io: Wrote 1 rows to capstone-487001.output_results_local.pipeline_run_log (WRITE_APPEND)
2026-03-13 12:36:44,268 [INFO] jobs.pair_job: Pair job complete: 1,617 pairs, 8,085 rows written, 2628.7s
2026-03-13 12:36:45,845 [INFO] src.bq_io: Wrote 1 rows to capstone-487001.output_results_local.pipeline_run_log (WRITE_APPEND)
2026-03-13 12:36:45,845 [INFO] jobs.pair_job: Pair job complete: 1,617 pairs, 8,085 rows written, 2630.8s
2026-03-13 12:39:15,231 [WARNING] src.permutation: BUDGET ALERT: 52.8% of pairs hit tier 3 permutations (threshold: 10.0%). Review compute costs.
2026-03-13 12:39:19,758 [INFO] src.bq_io: Wrote 585 rows to capstone-487001.output_results_local.pair_results_raw (WRITE_APPEND)
2026-03-13 12:39:19,760 [INFO] jobs.pair_job:   Flushed final 585 rows (total written: 8,085)
2026-03-13 12:39:19,761 [INFO] jobs.pair_job: Wrote 8,085 total rows to pair_results_raw
2026-03-13 12:39:24,875 [INFO] src.bq_io: Wrote 1 rows to capstone-487001.output_results_local.pipeline_run_log (WRITE_APPEND)
2026-03-13 12:39:24,875 [INFO] jobs.pair_job: Pair job complete: 1,617 pairs, 8,085 rows written, 2788.4s
