2026-03-13 10:33:11,997 [INFO] jobs.pair_job: Pair job starting: window=2010-04-01→2011-03-31, partition=0/3, run_id=local_20260313_103250_772e8c
2026-03-13 10:33:12,007 [INFO] jobs.pair_job: Pair job starting: window=2010-04-01→2011-03-31, partition=2/3, run_id=local_20260313_103250_772e8c
2026-03-13 10:33:12,010 [INFO] jobs.pair_job: Pair job starting: window=2010-04-01→2011-03-31, partition=1/3, run_id=local_20260313_103250_772e8c
2026-03-13 10:33:13,548 [INFO] src.bq_io: BigQuery client initialized for project: capstone-487001
2026-03-13 10:33:13,548 [INFO] src.bq_io: BigQuery client initialized for project: capstone-487001
2026-03-13 10:33:13,548 [INFO] src.bq_io: BigQuery client initialized for project: capstone-487001
2026-03-13 10:33:17,559 [INFO] src.bq_io: Loaded 24,887 residual rows for window 2010-04-01→2011-03-31
2026-03-13 10:33:17,559 [INFO] src.bq_io: Loaded 24,887 residual rows for window 2010-04-01→2011-03-31
2026-03-13 10:33:17,640 [INFO] jobs.pair_job: Loaded residuals: 99 tickers, 252 dates
2026-03-13 10:33:17,640 [INFO] jobs.pair_job: Loaded residuals: 99 tickers, 252 dates
2026-03-13 10:33:18,664 [INFO] src.bq_io: Loaded 24,887 residual rows for window 2010-04-01→2011-03-31
2026-03-13 10:33:18,758 [INFO] jobs.pair_job: Loaded residuals: 99 tickers, 252 dates
2026-03-13 10:33:19,233 [INFO] src.universe: Loaded 99 valid tickers
2026-03-13 10:33:19,237 [INFO] src.universe: Generated 4,851 pairs from 99 tickers
2026-03-13 10:33:19,239 [INFO] src.universe: Partition 0/3: 1,617 / 4,851 pairs assigned
2026-03-13 10:33:19,240 [INFO] jobs.pair_job: Partition 0: processing 1,617 pairs
2026-03-13 10:33:19,308 [INFO] src.universe: Loaded 99 valid tickers
2026-03-13 10:33:19,310 [INFO] src.universe: Generated 4,851 pairs from 99 tickers
2026-03-13 10:33:19,310 [INFO] src.universe: Partition 2/3: 1,617 / 4,851 pairs assigned
2026-03-13 10:33:19,311 [INFO] jobs.pair_job: Partition 2: processing 1,617 pairs
2026-03-13 10:33:20,151 [INFO] src.universe: Loaded 99 valid tickers
2026-03-13 10:33:20,152 [INFO] src.universe: Generated 4,851 pairs from 99 tickers
2026-03-13 10:33:20,153 [INFO] src.universe: Partition 1/3: 1,617 / 4,851 pairs assigned
2026-03-13 10:33:20,153 [INFO] jobs.pair_job: Partition 1: processing 1,617 pairs
2026-03-13 10:48:42,723 [INFO] src.bq_io: Wrote 2,500 rows to capstone-487001.output_results_local.pair_results_raw (WRITE_APPEND)
2026-03-13 10:48:42,724 [INFO] jobs.pair_job:   Flushed 2,500 rows (total written: 2,500)
2026-03-13 10:49:08,434 [INFO] src.bq_io: Wrote 2,500 rows to capstone-487001.output_results_local.pair_results_raw (WRITE_APPEND)
2026-03-13 10:49:08,434 [INFO] jobs.pair_job:   Flushed 2,500 rows (total written: 2,500)
2026-03-13 10:49:57,246 [INFO] src.bq_io: Wrote 2,500 rows to capstone-487001.output_results_local.pair_results_raw (WRITE_APPEND)
2026-03-13 10:49:57,246 [INFO] jobs.pair_job:   Flushed 2,500 rows (total written: 2,500)
2026-03-13 11:02:24,622 [INFO] jobs.pair_job:   Progress: 1,000/1,617 pairs
2026-03-13 11:02:30,790 [INFO] src.bq_io: Wrote 2,500 rows to capstone-487001.output_results_local.pair_results_raw (WRITE_APPEND)
2026-03-13 11:02:30,790 [INFO] jobs.pair_job:   Flushed 2,500 rows (total written: 5,000)
2026-03-13 11:02:35,154 [INFO] jobs.pair_job:   Progress: 1,000/1,617 pairs
2026-03-13 11:02:40,800 [INFO] src.bq_io: Wrote 2,500 rows to capstone-487001.output_results_local.pair_results_raw (WRITE_APPEND)
2026-03-13 11:02:40,800 [INFO] jobs.pair_job:   Flushed 2,500 rows (total written: 5,000)
2026-03-13 11:03:57,550 [INFO] jobs.pair_job:   Progress: 1,000/1,617 pairs
2026-03-13 11:04:04,278 [INFO] src.bq_io: Wrote 2,500 rows to capstone-487001.output_results_local.pair_results_raw (WRITE_APPEND)
2026-03-13 11:04:04,279 [INFO] jobs.pair_job:   Flushed 2,500 rows (total written: 5,000)
2026-03-13 11:15:48,589 [INFO] src.bq_io: Wrote 2,500 rows to capstone-487001.output_results_local.pair_results_raw (WRITE_APPEND)
2026-03-13 11:15:48,589 [INFO] jobs.pair_job:   Flushed 2,500 rows (total written: 7,500)
2026-03-13 11:15:57,594 [INFO] src.bq_io: Wrote 2,500 rows to capstone-487001.output_results_local.pair_results_raw (WRITE_APPEND)
2026-03-13 11:15:57,595 [INFO] jobs.pair_job:   Flushed 2,500 rows (total written: 7,500)
2026-03-13 11:18:36,618 [WARNING] src.permutation: BUDGET ALERT: 52.9% of pairs hit tier 3 permutations (threshold: 10.0%). Review compute costs.
2026-03-13 11:18:40,390 [INFO] src.bq_io: Wrote 585 rows to capstone-487001.output_results_local.pair_results_raw (WRITE_APPEND)
2026-03-13 11:18:40,390 [INFO] jobs.pair_job:   Flushed final 585 rows (total written: 8,085)
2026-03-13 11:18:40,390 [INFO] jobs.pair_job: Wrote 8,085 total rows to pair_results_raw
2026-03-13 11:18:44,466 [INFO] src.bq_io: Wrote 1 rows to capstone-487001.output_results_local.pipeline_run_log (WRITE_APPEND)
2026-03-13 11:18:44,466 [INFO] jobs.pair_job: Pair job complete: 1,617 pairs, 8,085 rows written, 2728.4s
2026-03-13 11:18:46,523 [WARNING] src.permutation: BUDGET ALERT: 52.6% of pairs hit tier 3 permutations (threshold: 10.0%). Review compute costs.
2026-03-13 11:18:51,098 [INFO] src.bq_io: Wrote 585 rows to capstone-487001.output_results_local.pair_results_raw (WRITE_APPEND)
2026-03-13 11:18:51,099 [INFO] jobs.pair_job:   Flushed final 585 rows (total written: 8,085)
2026-03-13 11:18:51,099 [INFO] jobs.pair_job: Wrote 8,085 total rows to pair_results_raw
2026-03-13 11:18:54,825 [INFO] src.bq_io: Wrote 1 rows to capstone-487001.output_results_local.pipeline_run_log (WRITE_APPEND)
2026-03-13 11:18:54,826 [INFO] jobs.pair_job: Pair job complete: 1,617 pairs, 8,085 rows written, 2739.1s
2026-03-13 11:19:41,902 [INFO] src.bq_io: Wrote 2,500 rows to capstone-487001.output_results_local.pair_results_raw (WRITE_APPEND)
2026-03-13 11:19:41,903 [INFO] jobs.pair_job:   Flushed 2,500 rows (total written: 7,500)
2026-03-13 11:23:05,429 [WARNING] src.permutation: BUDGET ALERT: 54.3% of pairs hit tier 3 permutations (threshold: 10.0%). Review compute costs.
2026-03-13 11:23:09,072 [INFO] src.bq_io: Wrote 585 rows to capstone-487001.output_results_local.pair_results_raw (WRITE_APPEND)
2026-03-13 11:23:09,073 [INFO] jobs.pair_job:   Flushed final 585 rows (total written: 8,085)
2026-03-13 11:23:09,074 [INFO] jobs.pair_job: Wrote 8,085 total rows to pair_results_raw
2026-03-13 11:23:12,848 [INFO] src.bq_io: Wrote 1 rows to capstone-487001.output_results_local.pipeline_run_log (WRITE_APPEND)
2026-03-13 11:23:12,849 [INFO] jobs.pair_job: Pair job complete: 1,617 pairs, 8,085 rows written, 2997.1s
