2026-03-13 01:17:47,336 [INFO] __main__: Config loaded from: C:\Users\ethan\VSCode\Capstone\lead_lag_local\config\config.yaml
2026-03-13 01:17:47,344 [INFO] scripts.setup: ============================================================
2026-03-13 01:17:47,345 [INFO] scripts.setup: QUANT LEAD-LAG PIPELINE — INITIAL SETUP
2026-03-13 01:17:47,345 [INFO] scripts.setup: ============================================================
2026-03-13 01:17:47,345 [INFO] scripts.setup: 
[1/6] Creating BigQuery tables...
2026-03-13 01:17:50,586 [INFO] src.bq_io: BigQuery client initialized for project: capstone-487001
2026-03-13 01:17:50,586 [INFO] src.bq_schema: Creating BigQuery tables...
2026-03-13 01:17:51,576 [INFO] src.bq_schema:   → Already exists: capstone-487001.output_results.ticker_metadata
2026-03-13 01:17:51,770 [INFO] src.bq_schema:   → Already exists: capstone-487001.output_results.ff_factors
2026-03-13 01:17:51,950 [INFO] src.bq_schema:   → Already exists: capstone-487001.output_results.filtered_universe
2026-03-13 01:17:52,135 [INFO] src.bq_schema:   → Already exists: capstone-487001.output_results.rolling_residuals
2026-03-13 01:17:52,314 [INFO] src.bq_schema:   → Already exists: capstone-487001.output_results.pair_results_raw
2026-03-13 01:17:52,496 [INFO] src.bq_schema:   → Already exists: capstone-487001.output_results.pair_results_filtered
2026-03-13 01:17:52,680 [INFO] src.bq_schema:   → Already exists: capstone-487001.output_results.stability_metrics
2026-03-13 01:17:52,863 [INFO] src.bq_schema:   → Already exists: capstone-487001.output_results.oos_strategy_returns
2026-03-13 01:17:53,031 [INFO] src.bq_schema:   → Already exists: capstone-487001.output_results.model_weights
2026-03-13 01:17:53,204 [INFO] src.bq_schema:   → Already exists: capstone-487001.output_results.final_network
2026-03-13 01:17:53,371 [INFO] src.bq_schema:   → Already exists: capstone-487001.output_results.synthetic_health_log
2026-03-13 01:17:53,562 [INFO] src.bq_schema:   → Already exists: capstone-487001.output_results.pipeline_run_log
2026-03-13 01:17:53,562 [INFO] src.bq_schema: Table creation complete: 12 tables processed
2026-03-13 01:17:53,562 [INFO] scripts.setup:   ✓ Tables created
2026-03-13 01:17:53,563 [INFO] scripts.setup: 
[2/6] Downloading and ingesting Fama-French factors...
2026-03-13 01:17:54,283 [INFO] src.residuals: Downloading 3factor factors from French library...
2026-03-13 01:17:55,264 [INFO] src.residuals: Downloaded 26171 daily factor observations.
2026-03-13 01:17:58,265 [INFO] src.bq_io: Wrote 26,171 rows to capstone-487001.output_results.ff_factors (WRITE_TRUNCATE)
2026-03-13 01:17:58,265 [INFO] src.residuals: FF factors written to BigQuery.
2026-03-13 01:17:58,265 [INFO] scripts.setup:   ✓ 3factor factors ingested
2026-03-13 01:17:58,266 [INFO] scripts.setup: 
[3/6] Skipping ticker metadata ingestion (using existing yfinance_stocks_data.ticker-metadata)
2026-03-13 01:17:58,266 [INFO] scripts.setup:   ✓ Skipped — metadata already exists in yfinance_stocks_data dataset
2026-03-13 01:17:58,266 [INFO] scripts.setup: 
[4/6] Running universe quality filter...
2026-03-13 01:17:58,267 [INFO] src.universe: Running universe filter: 2010-01-01 → 2025-12-31, min_years=2, min_coverage=95%, min_dollar_vol=$250,000,000, min_mkt_cap=$10,000,000,000
2026-03-13 01:17:58,267 [INFO] src.universe: Querying market data stats from BigQuery...
2026-03-13 01:18:00,449 [INFO] src.universe: Found 1,683 tickers with market data
2026-03-13 01:18:00,453 [INFO] src.universe: Universe filter complete: 99 / 1,683 tickers pass (5.9%)
2026-03-13 01:18:00,455 [INFO] src.universe:   Rejected (920): Median dollar volume below $250,000,000
2026-03-13 01:18:00,455 [INFO] src.universe:   Rejected (658): Coverage below 95%
2026-03-13 01:18:00,455 [INFO] src.universe:   Rejected (5): Insufficient trading days (< 504)
2026-03-13 01:18:00,456 [INFO] src.universe:   Rejected (1): Market cap below $10,000,000,000
2026-03-13 01:18:05,283 [INFO] src.bq_io: Wrote 1,683 rows to capstone-487001.output_results.filtered_universe (WRITE_TRUNCATE)
2026-03-13 01:18:05,284 [INFO] scripts.setup:   ✓ 99 valid tickers pass quality filter
2026-03-13 01:18:05,284 [WARNING] scripts.setup:   WARNING: Only 99 tickers passed. Consider relaxing thresholds in config.yaml (min_market_cap, min_median_dollar_volume, min_trading_day_coverage)
2026-03-13 01:18:05,284 [INFO] scripts.setup: 
[5/6] Computing historical rolling residuals (this may take a while)...
2026-03-13 01:18:05,284 [INFO] scripts.setup:   Note: This runs residuals for all windows from start_date to end_date.
2026-03-13 01:18:05,285 [INFO] scripts.setup:   For production: consider running this as a Cloud Run job.
2026-03-13 01:18:05,288 [INFO] src.windows: Generated 61 strict quarterly windows up to 2025-12-31
2026-03-13 01:18:05,288 [INFO] scripts.setup:   Processing 61 rolling windows...
2026-03-13 01:18:07,227 [INFO] src.universe: Loaded 99 valid tickers
2026-03-13 01:18:07,227 [INFO] src.residuals: Processing window: 2010-01-01 → 2010-12-31
2026-03-13 01:18:07,228 [INFO] src.residuals: Computing residuals for window 2010-01-01 → 2010-12-31
2026-03-13 01:18:10,473 [INFO] src.bq_io: Loaded 24,825 price rows for 99 tickers (2010-01-01→2010-12-31)
2026-03-13 01:18:12,751 [INFO] src.residuals: DEBUG: Merged data has 24825 rows after joining prices and factors.
2026-03-13 01:18:12,903 [INFO] src.residuals: Residuals computed: 24,726 rows across 99 tickers
2026-03-13 01:18:25,807 [INFO] src.bq_io: Wrote 24,726 rows to capstone-487001.output_results.rolling_residuals (WRITE_APPEND)
2026-03-13 01:18:25,808 [INFO] src.residuals: Processing window: 2010-04-01 → 2011-03-31
2026-03-13 01:18:25,809 [INFO] src.residuals: Computing residuals for window 2010-04-01 → 2011-03-31
2026-03-13 01:18:31,283 [INFO] src.bq_io: Loaded 24,986 price rows for 99 tickers (2010-04-01→2011-03-31)
2026-03-13 01:18:33,702 [INFO] src.residuals: DEBUG: Merged data has 24986 rows after joining prices and factors.
2026-03-13 01:18:33,850 [INFO] src.residuals: Residuals computed: 24,887 rows across 99 tickers
2026-03-13 01:18:40,888 [INFO] src.bq_io: Wrote 24,887 rows to capstone-487001.output_results.rolling_residuals (WRITE_APPEND)
2026-03-13 01:18:40,889 [INFO] src.residuals: Processing window: 2010-07-01 → 2011-06-30
2026-03-13 01:18:40,889 [INFO] src.residuals: Computing residuals for window 2010-07-01 → 2011-06-30
2026-03-13 01:18:44,037 [INFO] src.bq_io: Loaded 25,047 price rows for 99 tickers (2010-07-01→2011-06-30)
2026-03-13 01:18:46,044 [INFO] src.residuals: DEBUG: Merged data has 25047 rows after joining prices and factors.
2026-03-13 01:18:46,191 [INFO] src.residuals: Residuals computed: 24,948 rows across 99 tickers
2026-03-13 01:19:22,213 [INFO] src.bq_io: Wrote 24,948 rows to capstone-487001.output_results.rolling_residuals (WRITE_APPEND)
2026-03-13 01:19:22,214 [INFO] src.residuals: Processing window: 2010-10-01 → 2011-09-30
2026-03-13 01:19:22,215 [INFO] src.residuals: Computing residuals for window 2010-10-01 → 2011-09-30
2026-03-13 01:19:27,172 [INFO] src.bq_io: Loaded 25,047 price rows for 99 tickers (2010-10-01→2011-09-30)
2026-03-13 01:19:29,319 [INFO] src.residuals: DEBUG: Merged data has 25047 rows after joining prices and factors.
2026-03-13 01:19:29,480 [INFO] src.residuals: Residuals computed: 24,948 rows across 99 tickers
2026-03-13 01:19:35,831 [INFO] src.bq_io: Wrote 24,948 rows to capstone-487001.output_results.rolling_residuals (WRITE_APPEND)
2026-03-13 01:19:35,831 [INFO] src.residuals: Processing window: 2011-01-01 → 2011-12-31
2026-03-13 01:19:35,831 [INFO] src.residuals: Computing residuals for window 2011-01-01 → 2011-12-31
2026-03-13 01:19:38,878 [INFO] src.bq_io: Loaded 24,948 price rows for 99 tickers (2011-01-01→2011-12-31)
2026-03-13 01:19:40,938 [INFO] src.residuals: DEBUG: Merged data has 24948 rows after joining prices and factors.
2026-03-13 01:19:41,085 [INFO] src.residuals: Residuals computed: 24,849 rows across 99 tickers
2026-03-13 01:19:48,374 [INFO] src.bq_io: Wrote 24,849 rows to capstone-487001.output_results.rolling_residuals (WRITE_APPEND)
2026-03-13 01:19:48,375 [INFO] src.residuals: Processing window: 2011-04-01 → 2012-03-31
2026-03-13 01:19:48,375 [INFO] src.residuals: Computing residuals for window 2011-04-01 → 2012-03-31
2026-03-13 01:19:52,508 [INFO] src.bq_io: Loaded 24,948 price rows for 99 tickers (2011-04-01→2012-03-31)
2026-03-13 01:19:54,321 [INFO] src.residuals: DEBUG: Merged data has 24948 rows after joining prices and factors.
2026-03-13 01:19:54,470 [INFO] src.residuals: Residuals computed: 24,849 rows across 99 tickers
2026-03-13 01:20:00,944 [INFO] src.bq_io: Wrote 24,849 rows to capstone-487001.output_results.rolling_residuals (WRITE_APPEND)
2026-03-13 01:20:00,945 [INFO] src.residuals: Processing window: 2011-07-01 → 2012-06-30
2026-03-13 01:20:00,946 [INFO] src.residuals: Computing residuals for window 2011-07-01 → 2012-06-30
2026-03-13 01:20:04,448 [INFO] src.bq_io: Loaded 24,948 price rows for 99 tickers (2011-07-01→2012-06-30)
2026-03-13 01:20:06,316 [INFO] src.residuals: DEBUG: Merged data has 24948 rows after joining prices and factors.
2026-03-13 01:20:06,469 [INFO] src.residuals: Residuals computed: 24,849 rows across 99 tickers
2026-03-13 01:20:52,689 [INFO] src.bq_io: Wrote 24,849 rows to capstone-487001.output_results.rolling_residuals (WRITE_APPEND)
2026-03-13 01:20:52,690 [INFO] src.residuals: Processing window: 2011-10-01 → 2012-09-30
2026-03-13 01:20:52,690 [INFO] src.residuals: Computing residuals for window 2011-10-01 → 2012-09-30
2026-03-13 01:20:55,711 [INFO] src.bq_io: Loaded 24,849 price rows for 99 tickers (2011-10-01→2012-09-30)
2026-03-13 01:20:57,674 [INFO] src.residuals: DEBUG: Merged data has 24849 rows after joining prices and factors.
2026-03-13 01:20:57,823 [INFO] src.residuals: Residuals computed: 24,750 rows across 99 tickers
2026-03-13 01:21:05,768 [INFO] src.bq_io: Wrote 24,750 rows to capstone-487001.output_results.rolling_residuals (WRITE_APPEND)
2026-03-13 01:21:05,768 [INFO] src.residuals: Processing window: 2012-01-01 → 2012-12-31
2026-03-13 01:21:05,769 [INFO] src.residuals: Computing residuals for window 2012-01-01 → 2012-12-31
2026-03-13 01:21:08,982 [INFO] src.bq_io: Loaded 24,750 price rows for 99 tickers (2012-01-01→2012-12-31)
2026-03-13 01:21:11,060 [INFO] src.residuals: DEBUG: Merged data has 24750 rows after joining prices and factors.
2026-03-13 01:21:11,219 [INFO] src.residuals: Residuals computed: 24,651 rows across 99 tickers
2026-03-13 01:21:19,210 [INFO] src.bq_io: Wrote 24,651 rows to capstone-487001.output_results.rolling_residuals (WRITE_APPEND)
2026-03-13 01:21:19,211 [INFO] src.residuals: Processing window: 2012-04-01 → 2013-03-31
2026-03-13 01:21:19,211 [INFO] src.residuals: Computing residuals for window 2012-04-01 → 2013-03-31
2026-03-13 01:21:27,215 [INFO] src.bq_io: Loaded 24,552 price rows for 99 tickers (2012-04-01→2013-03-31)
2026-03-13 01:21:29,153 [INFO] src.residuals: DEBUG: Merged data has 24552 rows after joining prices and factors.
2026-03-13 01:21:29,306 [INFO] src.residuals: Residuals computed: 24,453 rows across 99 tickers
2026-03-13 01:21:37,718 [INFO] src.bq_io: Wrote 24,453 rows to capstone-487001.output_results.rolling_residuals (WRITE_APPEND)
2026-03-13 01:21:37,718 [INFO] src.residuals: Processing window: 2012-07-01 → 2013-06-30
2026-03-13 01:21:37,718 [INFO] src.residuals: Computing residuals for window 2012-07-01 → 2013-06-30
2026-03-13 01:21:40,668 [INFO] src.bq_io: Loaded 24,651 price rows for 99 tickers (2012-07-01→2013-06-30)
2026-03-13 01:21:42,436 [INFO] src.residuals: DEBUG: Merged data has 24651 rows after joining prices and factors.
2026-03-13 01:21:42,581 [INFO] src.residuals: Residuals computed: 24,552 rows across 99 tickers
2026-03-13 01:21:50,503 [INFO] src.bq_io: Wrote 24,552 rows to capstone-487001.output_results.rolling_residuals (WRITE_APPEND)
2026-03-13 01:21:50,504 [INFO] src.residuals: Processing window: 2012-10-01 → 2013-09-30
2026-03-13 01:21:50,504 [INFO] src.residuals: Computing residuals for window 2012-10-01 → 2013-09-30
2026-03-13 01:21:54,145 [INFO] src.bq_io: Loaded 24,750 price rows for 99 tickers (2012-10-01→2013-09-30)
2026-03-13 01:21:56,224 [INFO] src.residuals: DEBUG: Merged data has 24750 rows after joining prices and factors.
2026-03-13 01:21:56,367 [INFO] src.residuals: Residuals computed: 24,651 rows across 99 tickers
2026-03-13 01:22:04,718 [INFO] src.bq_io: Wrote 24,651 rows to capstone-487001.output_results.rolling_residuals (WRITE_APPEND)
2026-03-13 01:22:04,718 [INFO] src.residuals: Processing window: 2013-01-01 → 2013-12-31
2026-03-13 01:22:04,719 [INFO] src.residuals: Computing residuals for window 2013-01-01 → 2013-12-31
2026-03-13 01:22:08,165 [INFO] src.bq_io: Loaded 24,948 price rows for 99 tickers (2013-01-01→2013-12-31)
2026-03-13 01:22:10,071 [INFO] src.residuals: DEBUG: Merged data has 24948 rows after joining prices and factors.
2026-03-13 01:22:10,222 [INFO] src.residuals: Residuals computed: 24,849 rows across 99 tickers
2026-03-13 01:22:28,914 [INFO] src.bq_io: Wrote 24,849 rows to capstone-487001.output_results.rolling_residuals (WRITE_APPEND)
2026-03-13 01:22:28,914 [INFO] src.residuals: Processing window: 2013-04-01 → 2014-03-31
2026-03-13 01:22:28,915 [INFO] src.residuals: Computing residuals for window 2013-04-01 → 2014-03-31
2026-03-13 01:22:35,427 [INFO] src.bq_io: Loaded 25,047 price rows for 99 tickers (2013-04-01→2014-03-31)
2026-03-13 01:22:37,868 [INFO] src.residuals: DEBUG: Merged data has 25047 rows after joining prices and factors.
2026-03-13 01:22:38,019 [INFO] src.residuals: Residuals computed: 24,948 rows across 99 tickers
2026-03-13 01:22:53,321 [INFO] src.bq_io: Wrote 24,948 rows to capstone-487001.output_results.rolling_residuals (WRITE_APPEND)
2026-03-13 01:22:53,323 [INFO] src.residuals: Processing window: 2013-07-01 → 2014-06-30
2026-03-13 01:22:53,323 [INFO] src.residuals: Computing residuals for window 2013-07-01 → 2014-06-30
2026-03-13 01:22:56,469 [INFO] src.bq_io: Loaded 24,948 price rows for 99 tickers (2013-07-01→2014-06-30)
2026-03-13 01:22:58,395 [INFO] src.residuals: DEBUG: Merged data has 24948 rows after joining prices and factors.
2026-03-13 01:22:58,540 [INFO] src.residuals: Residuals computed: 24,849 rows across 99 tickers
2026-03-13 01:23:03,999 [INFO] src.bq_io: Wrote 24,849 rows to capstone-487001.output_results.rolling_residuals (WRITE_APPEND)
2026-03-13 01:23:04,000 [INFO] src.residuals: Processing window: 2013-10-01 → 2014-09-30
2026-03-13 01:23:04,001 [INFO] src.residuals: Computing residuals for window 2013-10-01 → 2014-09-30
2026-03-13 01:23:07,997 [INFO] src.bq_io: Loaded 24,948 price rows for 99 tickers (2013-10-01→2014-09-30)
2026-03-13 01:23:10,742 [INFO] src.residuals: DEBUG: Merged data has 24948 rows after joining prices and factors.
2026-03-13 01:23:10,897 [INFO] src.residuals: Residuals computed: 24,849 rows across 99 tickers
2026-03-13 01:23:17,841 [INFO] src.bq_io: Wrote 24,849 rows to capstone-487001.output_results.rolling_residuals (WRITE_APPEND)
2026-03-13 01:23:17,842 [INFO] src.residuals: Processing window: 2014-01-01 → 2014-12-31
2026-03-13 01:23:17,843 [INFO] src.residuals: Computing residuals for window 2014-01-01 → 2014-12-31
2026-03-13 01:23:20,789 [INFO] src.bq_io: Loaded 24,948 price rows for 99 tickers (2014-01-01→2014-12-31)
2026-03-13 01:23:22,711 [INFO] src.residuals: DEBUG: Merged data has 24948 rows after joining prices and factors.
2026-03-13 01:23:22,859 [INFO] src.residuals: Residuals computed: 24,849 rows across 99 tickers
2026-03-13 01:23:30,120 [INFO] src.bq_io: Wrote 24,849 rows to capstone-487001.output_results.rolling_residuals (WRITE_APPEND)
2026-03-13 01:23:30,121 [INFO] src.residuals: Processing window: 2014-04-01 → 2015-03-31
2026-03-13 01:23:30,121 [INFO] src.residuals: Computing residuals for window 2014-04-01 → 2015-03-31
2026-03-13 01:23:34,050 [INFO] src.bq_io: Loaded 24,948 price rows for 99 tickers (2014-04-01→2015-03-31)
2026-03-13 01:23:35,927 [INFO] src.residuals: DEBUG: Merged data has 24948 rows after joining prices and factors.
2026-03-13 01:23:36,083 [INFO] src.residuals: Residuals computed: 24,849 rows across 99 tickers
2026-03-13 01:23:43,131 [INFO] src.bq_io: Wrote 24,849 rows to capstone-487001.output_results.rolling_residuals (WRITE_APPEND)
2026-03-13 01:23:43,132 [INFO] src.residuals: Processing window: 2014-07-01 → 2015-06-30
2026-03-13 01:23:43,132 [INFO] src.residuals: Computing residuals for window 2014-07-01 → 2015-06-30
2026-03-13 01:23:46,351 [INFO] src.bq_io: Loaded 24,948 price rows for 99 tickers (2014-07-01→2015-06-30)
2026-03-13 01:23:48,285 [INFO] src.residuals: DEBUG: Merged data has 24948 rows after joining prices and factors.
2026-03-13 01:23:48,440 [INFO] src.residuals: Residuals computed: 24,849 rows across 99 tickers
2026-03-13 01:24:00,220 [INFO] src.bq_io: Wrote 24,849 rows to capstone-487001.output_results.rolling_residuals (WRITE_APPEND)
2026-03-13 01:24:00,220 [INFO] src.residuals: Processing window: 2014-10-01 → 2015-09-30
2026-03-13 01:24:00,221 [INFO] src.residuals: Computing residuals for window 2014-10-01 → 2015-09-30
2026-03-13 01:24:03,347 [INFO] src.bq_io: Loaded 24,948 price rows for 99 tickers (2014-10-01→2015-09-30)
2026-03-13 01:24:05,316 [INFO] src.residuals: DEBUG: Merged data has 24948 rows after joining prices and factors.
2026-03-13 01:24:05,469 [INFO] src.residuals: Residuals computed: 24,849 rows across 99 tickers
2026-03-13 01:24:11,854 [INFO] src.bq_io: Wrote 24,849 rows to capstone-487001.output_results.rolling_residuals (WRITE_APPEND)
2026-03-13 01:24:11,854 [INFO] src.residuals: Processing window: 2015-01-01 → 2015-12-31
2026-03-13 01:24:11,854 [INFO] src.residuals: Computing residuals for window 2015-01-01 → 2015-12-31
2026-03-13 01:24:15,242 [INFO] src.bq_io: Loaded 24,948 price rows for 99 tickers (2015-01-01→2015-12-31)
2026-03-13 01:24:17,331 [INFO] src.residuals: DEBUG: Merged data has 24948 rows after joining prices and factors.
2026-03-13 01:24:17,521 [INFO] src.residuals: Residuals computed: 24,849 rows across 99 tickers
2026-03-13 01:24:22,394 [INFO] src.bq_io: Wrote 24,849 rows to capstone-487001.output_results.rolling_residuals (WRITE_APPEND)
2026-03-13 01:24:22,394 [INFO] src.residuals: Processing window: 2015-04-01 → 2016-03-31
2026-03-13 01:24:22,394 [INFO] src.residuals: Computing residuals for window 2015-04-01 → 2016-03-31
2026-03-13 01:24:26,201 [INFO] src.bq_io: Loaded 24,948 price rows for 99 tickers (2015-04-01→2016-03-31)
2026-03-13 01:24:28,120 [INFO] src.residuals: DEBUG: Merged data has 24948 rows after joining prices and factors.
2026-03-13 01:24:28,271 [INFO] src.residuals: Residuals computed: 24,849 rows across 99 tickers
2026-03-13 01:24:40,935 [INFO] src.bq_io: Wrote 24,849 rows to capstone-487001.output_results.rolling_residuals (WRITE_APPEND)
2026-03-13 01:24:40,935 [INFO] src.residuals: Processing window: 2015-07-01 → 2016-06-30
2026-03-13 01:24:40,936 [INFO] src.residuals: Computing residuals for window 2015-07-01 → 2016-06-30
2026-03-13 01:24:46,917 [INFO] src.bq_io: Loaded 25,047 price rows for 99 tickers (2015-07-01→2016-06-30)
2026-03-13 01:24:48,767 [INFO] src.residuals: DEBUG: Merged data has 25047 rows after joining prices and factors.
2026-03-13 01:24:48,919 [INFO] src.residuals: Residuals computed: 24,948 rows across 99 tickers
2026-03-13 01:24:58,858 [INFO] src.bq_io: Wrote 24,948 rows to capstone-487001.output_results.rolling_residuals (WRITE_APPEND)
2026-03-13 01:24:58,860 [INFO] src.residuals: Processing window: 2015-10-01 → 2016-09-30
2026-03-13 01:24:58,860 [INFO] src.residuals: Computing residuals for window 2015-10-01 → 2016-09-30
2026-03-13 01:25:02,952 [INFO] src.bq_io: Loaded 25,047 price rows for 99 tickers (2015-10-01→2016-09-30)
2026-03-13 01:25:04,856 [INFO] src.residuals: DEBUG: Merged data has 25047 rows after joining prices and factors.
2026-03-13 01:25:05,010 [INFO] src.residuals: Residuals computed: 24,948 rows across 99 tickers
2026-03-13 01:25:10,313 [INFO] src.bq_io: Wrote 24,948 rows to capstone-487001.output_results.rolling_residuals (WRITE_APPEND)
2026-03-13 01:25:10,313 [INFO] src.residuals: Processing window: 2016-01-01 → 2016-12-31
2026-03-13 01:25:10,313 [INFO] src.residuals: Computing residuals for window 2016-01-01 → 2016-12-31
2026-03-13 01:25:16,052 [INFO] src.bq_io: Loaded 24,948 price rows for 99 tickers (2016-01-01→2016-12-31)
2026-03-13 01:25:17,928 [INFO] src.residuals: DEBUG: Merged data has 24948 rows after joining prices and factors.
2026-03-13 01:25:18,080 [INFO] src.residuals: Residuals computed: 24,849 rows across 99 tickers
2026-03-13 01:25:37,581 [INFO] src.bq_io: Wrote 24,849 rows to capstone-487001.output_results.rolling_residuals (WRITE_APPEND)
2026-03-13 01:25:37,582 [INFO] src.residuals: Processing window: 2016-04-01 → 2017-03-31
2026-03-13 01:25:37,582 [INFO] src.residuals: Computing residuals for window 2016-04-01 → 2017-03-31
2026-03-13 01:25:41,618 [INFO] src.bq_io: Loaded 25,047 price rows for 99 tickers (2016-04-01→2017-03-31)
2026-03-13 01:25:43,437 [INFO] src.residuals: DEBUG: Merged data has 25047 rows after joining prices and factors.
2026-03-13 01:25:43,583 [INFO] src.residuals: Residuals computed: 24,948 rows across 99 tickers
2026-03-13 01:25:51,778 [INFO] src.bq_io: Wrote 24,948 rows to capstone-487001.output_results.rolling_residuals (WRITE_APPEND)
2026-03-13 01:25:51,778 [INFO] src.residuals: Processing window: 2016-07-01 → 2017-06-30
2026-03-13 01:25:51,778 [INFO] src.residuals: Computing residuals for window 2016-07-01 → 2017-06-30
2026-03-13 01:25:55,750 [INFO] src.bq_io: Loaded 24,948 price rows for 99 tickers (2016-07-01→2017-06-30)
2026-03-13 01:25:57,589 [INFO] src.residuals: DEBUG: Merged data has 24948 rows after joining prices and factors.
2026-03-13 01:25:57,734 [INFO] src.residuals: Residuals computed: 24,849 rows across 99 tickers
2026-03-13 01:26:04,274 [INFO] src.bq_io: Wrote 24,849 rows to capstone-487001.output_results.rolling_residuals (WRITE_APPEND)
2026-03-13 01:26:04,274 [INFO] src.residuals: Processing window: 2016-10-01 → 2017-09-30
2026-03-13 01:26:04,274 [INFO] src.residuals: Computing residuals for window 2016-10-01 → 2017-09-30
2026-03-13 01:26:07,368 [INFO] src.bq_io: Loaded 24,849 price rows for 99 tickers (2016-10-01→2017-09-30)
2026-03-13 01:26:09,107 [INFO] src.residuals: DEBUG: Merged data has 24849 rows after joining prices and factors.
2026-03-13 01:26:09,253 [INFO] src.residuals: Residuals computed: 24,750 rows across 99 tickers
2026-03-13 01:26:28,601 [INFO] src.bq_io: Wrote 24,750 rows to capstone-487001.output_results.rolling_residuals (WRITE_APPEND)
2026-03-13 01:26:28,602 [INFO] src.residuals: Processing window: 2017-01-01 → 2017-12-31
2026-03-13 01:26:28,602 [INFO] src.residuals: Computing residuals for window 2017-01-01 → 2017-12-31
2026-03-13 01:26:38,139 [INFO] src.bq_io: Loaded 24,849 price rows for 99 tickers (2017-01-01→2017-12-31)
2026-03-13 01:26:39,835 [INFO] src.residuals: DEBUG: Merged data has 24849 rows after joining prices and factors.
2026-03-13 01:26:39,989 [INFO] src.residuals: Residuals computed: 24,750 rows across 99 tickers
2026-03-13 01:26:46,156 [INFO] src.bq_io: Wrote 24,750 rows to capstone-487001.output_results.rolling_residuals (WRITE_APPEND)
2026-03-13 01:26:46,156 [INFO] src.residuals: Processing window: 2017-04-01 → 2018-03-31
2026-03-13 01:26:46,157 [INFO] src.residuals: Computing residuals for window 2017-04-01 → 2018-03-31
2026-03-13 01:26:49,356 [INFO] src.bq_io: Loaded 24,750 price rows for 99 tickers (2017-04-01→2018-03-31)
2026-03-13 01:26:51,431 [INFO] src.residuals: DEBUG: Merged data has 24750 rows after joining prices and factors.
2026-03-13 01:26:51,579 [INFO] src.residuals: Residuals computed: 24,651 rows across 99 tickers
2026-03-13 01:26:56,684 [INFO] src.bq_io: Wrote 24,651 rows to capstone-487001.output_results.rolling_residuals (WRITE_APPEND)
2026-03-13 01:26:56,685 [INFO] src.residuals: Processing window: 2017-07-01 → 2018-06-30
2026-03-13 01:26:56,685 [INFO] src.residuals: Computing residuals for window 2017-07-01 → 2018-06-30
2026-03-13 01:26:59,543 [INFO] src.bq_io: Loaded 24,849 price rows for 99 tickers (2017-07-01→2018-06-30)
2026-03-13 01:27:01,366 [INFO] src.residuals: DEBUG: Merged data has 24849 rows after joining prices and factors.
2026-03-13 01:27:01,516 [INFO] src.residuals: Residuals computed: 24,750 rows across 99 tickers
2026-03-13 01:27:07,563 [INFO] src.bq_io: Wrote 24,750 rows to capstone-487001.output_results.rolling_residuals (WRITE_APPEND)
2026-03-13 01:27:07,563 [INFO] src.residuals: Processing window: 2017-10-01 → 2018-09-30
2026-03-13 01:27:07,564 [INFO] src.residuals: Computing residuals for window 2017-10-01 → 2018-09-30
2026-03-13 01:27:10,558 [INFO] src.bq_io: Loaded 24,849 price rows for 99 tickers (2017-10-01→2018-09-30)
2026-03-13 01:27:12,365 [INFO] src.residuals: DEBUG: Merged data has 24849 rows after joining prices and factors.
2026-03-13 01:27:12,518 [INFO] src.residuals: Residuals computed: 24,750 rows across 99 tickers
2026-03-13 01:27:19,135 [INFO] src.bq_io: Wrote 24,750 rows to capstone-487001.output_results.rolling_residuals (WRITE_APPEND)
2026-03-13 01:27:19,136 [INFO] src.residuals: Processing window: 2018-01-01 → 2018-12-31
2026-03-13 01:27:19,136 [INFO] src.residuals: Computing residuals for window 2018-01-01 → 2018-12-31
2026-03-13 01:27:22,094 [INFO] src.bq_io: Loaded 24,849 price rows for 99 tickers (2018-01-01→2018-12-31)
2026-03-13 01:27:23,852 [INFO] src.residuals: DEBUG: Merged data has 24849 rows after joining prices and factors.
2026-03-13 01:27:24,007 [INFO] src.residuals: Residuals computed: 24,750 rows across 99 tickers
2026-03-13 01:27:31,301 [INFO] src.bq_io: Wrote 24,750 rows to capstone-487001.output_results.rolling_residuals (WRITE_APPEND)
2026-03-13 01:27:31,301 [INFO] src.residuals: Processing window: 2018-04-01 → 2019-03-31
2026-03-13 01:27:31,301 [INFO] src.residuals: Computing residuals for window 2018-04-01 → 2019-03-31
2026-03-13 01:27:34,745 [INFO] src.bq_io: Loaded 24,849 price rows for 99 tickers (2018-04-01→2019-03-31)
2026-03-13 01:27:36,536 [INFO] src.residuals: DEBUG: Merged data has 24849 rows after joining prices and factors.
2026-03-13 01:27:36,688 [INFO] src.residuals: Residuals computed: 24,750 rows across 99 tickers
2026-03-13 01:27:44,383 [INFO] src.bq_io: Wrote 24,750 rows to capstone-487001.output_results.rolling_residuals (WRITE_APPEND)
2026-03-13 01:27:44,383 [INFO] src.residuals: Processing window: 2018-07-01 → 2019-06-30
2026-03-13 01:27:44,384 [INFO] src.residuals: Computing residuals for window 2018-07-01 → 2019-06-30
2026-03-13 01:27:48,806 [INFO] src.bq_io: Loaded 24,750 price rows for 99 tickers (2018-07-01→2019-06-30)
2026-03-13 01:27:50,500 [INFO] src.residuals: DEBUG: Merged data has 24750 rows after joining prices and factors.
2026-03-13 01:27:50,668 [INFO] src.residuals: Residuals computed: 24,651 rows across 99 tickers
2026-03-13 01:27:56,295 [INFO] src.bq_io: Wrote 24,651 rows to capstone-487001.output_results.rolling_residuals (WRITE_APPEND)
2026-03-13 01:27:56,295 [INFO] src.residuals: Processing window: 2018-10-01 → 2019-09-30
2026-03-13 01:27:56,295 [INFO] src.residuals: Computing residuals for window 2018-10-01 → 2019-09-30
2026-03-13 01:27:59,328 [INFO] src.bq_io: Loaded 24,849 price rows for 99 tickers (2018-10-01→2019-09-30)
2026-03-13 01:28:01,239 [INFO] src.residuals: DEBUG: Merged data has 24849 rows after joining prices and factors.
2026-03-13 01:28:01,431 [INFO] src.residuals: Residuals computed: 24,750 rows across 99 tickers
2026-03-13 01:28:08,187 [INFO] src.bq_io: Wrote 24,750 rows to capstone-487001.output_results.rolling_residuals (WRITE_APPEND)
2026-03-13 01:28:08,188 [INFO] src.residuals: Processing window: 2019-01-01 → 2019-12-31
2026-03-13 01:28:08,189 [INFO] src.residuals: Computing residuals for window 2019-01-01 → 2019-12-31
