2026-03-24 01:44:19,192 [INFO] jobs.pair_job: Pair job starting: window=2012-10-01→2013-09-30, partition=2/3, run_id=local_20260324_014345_2c46fd
2026-03-24 01:44:19,192 [INFO] jobs.pair_job: Pair job starting: window=2012-10-01→2013-09-30, partition=1/3, run_id=local_20260324_014345_2c46fd
2026-03-24 01:44:19,208 [INFO] jobs.pair_job: Pair job starting: window=2012-10-01→2013-09-30, partition=0/3, run_id=local_20260324_014345_2c46fd
2026-03-24 01:44:20,701 [INFO] src.bq_io: BigQuery client initialized for project: capstone-487001
2026-03-24 01:44:20,714 [INFO] src.bq_io: BigQuery client initialized for project: capstone-487001
2026-03-24 01:44:20,726 [INFO] src.bq_io: BigQuery client initialized for project: capstone-487001
2026-03-24 01:44:24,647 [INFO] src.bq_io: Loaded 24,651 residual rows for window 2012-10-01→2013-09-30
2026-03-24 01:44:24,702 [INFO] src.bq_io: Loaded 24,651 residual rows for window 2012-10-01→2013-09-30
2026-03-24 01:44:24,740 [INFO] jobs.pair_job: Loaded residuals: 99 tickers, 249 dates
2026-03-24 01:44:24,784 [INFO] jobs.pair_job: Loaded residuals: 99 tickers, 249 dates
2026-03-24 01:44:24,802 [INFO] src.bq_io: Loaded 24,651 residual rows for window 2012-10-01→2013-09-30
2026-03-24 01:44:24,882 [INFO] jobs.pair_job: Loaded residuals: 99 tickers, 249 dates
2026-03-24 01:44:26,491 [INFO] src.universe: Loaded 99 valid tickers
2026-03-24 01:44:26,494 [INFO] src.universe: Generated 4,851 pairs from 99 tickers
2026-03-24 01:44:26,496 [INFO] src.universe: Partition 2/3: 1,617 / 4,851 pairs assigned
2026-03-24 01:44:26,496 [INFO] jobs.pair_job: Partition 2: processing 1,617 pairs
2026-03-24 01:44:26,537 [INFO] src.universe: Loaded 99 valid tickers
2026-03-24 01:44:26,538 [INFO] src.universe: Generated 4,851 pairs from 99 tickers
2026-03-24 01:44:26,539 [INFO] src.universe: Partition 0/3: 1,617 / 4,851 pairs assigned
2026-03-24 01:44:26,539 [INFO] jobs.pair_job: Partition 0: processing 1,617 pairs
2026-03-24 01:44:26,597 [INFO] src.universe: Loaded 99 valid tickers
2026-03-24 01:44:26,598 [INFO] src.universe: Generated 4,851 pairs from 99 tickers
2026-03-24 01:44:26,599 [INFO] src.universe: Partition 1/3: 1,617 / 4,851 pairs assigned
2026-03-24 01:44:26,599 [INFO] jobs.pair_job: Partition 1: processing 1,617 pairs
2026-03-24 01:46:15,804 [INFO] src.bq_io: Wrote 2,500 rows to capstone-487001.output_results_local.pair_results_raw (WRITE_APPEND)
2026-03-24 01:46:15,805 [INFO] jobs.pair_job:   Flushed 2,500 rows (total written: 2,500)
2026-03-24 01:46:17,565 [INFO] src.bq_io: Wrote 2,500 rows to capstone-487001.output_results_local.pair_results_raw (WRITE_APPEND)
2026-03-24 01:46:17,566 [INFO] jobs.pair_job:   Flushed 2,500 rows (total written: 2,500)
2026-03-24 01:46:20,161 [INFO] src.bq_io: Wrote 2,500 rows to capstone-487001.output_results_local.pair_results_raw (WRITE_APPEND)
2026-03-24 01:46:20,161 [INFO] jobs.pair_job:   Flushed 2,500 rows (total written: 2,500)
2026-03-24 01:47:55,667 [INFO] jobs.pair_job:   Progress: 1,000/1,617 pairs
2026-03-24 01:47:58,440 [INFO] jobs.pair_job:   Progress: 1,000/1,617 pairs
2026-03-24 01:48:00,716 [INFO] src.bq_io: Wrote 2,500 rows to capstone-487001.output_results_local.pair_results_raw (WRITE_APPEND)
2026-03-24 01:48:00,716 [INFO] jobs.pair_job:   Flushed 2,500 rows (total written: 5,000)
2026-03-24 01:48:03,529 [INFO] src.bq_io: Wrote 2,500 rows to capstone-487001.output_results_local.pair_results_raw (WRITE_APPEND)
2026-03-24 01:48:03,529 [INFO] jobs.pair_job:   Flushed 2,500 rows (total written: 5,000)
2026-03-24 01:48:06,215 [INFO] jobs.pair_job:   Progress: 1,000/1,617 pairs
2026-03-24 01:48:10,361 [INFO] src.bq_io: Wrote 2,500 rows to capstone-487001.output_results_local.pair_results_raw (WRITE_APPEND)
2026-03-24 01:48:10,361 [INFO] jobs.pair_job:   Flushed 2,500 rows (total written: 5,000)
2026-03-24 01:49:50,564 [INFO] src.bq_io: Wrote 2,500 rows to capstone-487001.output_results_local.pair_results_raw (WRITE_APPEND)
2026-03-24 01:49:50,565 [INFO] jobs.pair_job:   Flushed 2,500 rows (total written: 7,500)
2026-03-24 01:49:51,612 [INFO] src.bq_io: Wrote 2,500 rows to capstone-487001.output_results_local.pair_results_raw (WRITE_APPEND)
2026-03-24 01:49:51,612 [INFO] jobs.pair_job:   Flushed 2,500 rows (total written: 7,500)
2026-03-24 01:50:00,135 [INFO] src.bq_io: Wrote 2,500 rows to capstone-487001.output_results_local.pair_results_raw (WRITE_APPEND)
2026-03-24 01:50:00,135 [INFO] jobs.pair_job:   Flushed 2,500 rows (total written: 7,500)
2026-03-24 01:50:15,727 [WARNING] src.permutation: BUDGET ALERT: 49.5% of pairs hit tier 3 permutations (threshold: 10.0%). Review compute costs.
2026-03-24 01:50:17,977 [WARNING] src.permutation: BUDGET ALERT: 51.2% of pairs hit tier 3 permutations (threshold: 10.0%). Review compute costs.
2026-03-24 01:50:21,314 [INFO] src.bq_io: Wrote 585 rows to capstone-487001.output_results_local.pair_results_raw (WRITE_APPEND)
2026-03-24 01:50:21,315 [INFO] jobs.pair_job:   Flushed final 585 rows (total written: 8,085)
2026-03-24 01:50:21,315 [INFO] jobs.pair_job: Wrote 8,085 total rows to pair_results_raw
2026-03-24 01:50:22,462 [INFO] src.bq_io: Wrote 585 rows to capstone-487001.output_results_local.pair_results_raw (WRITE_APPEND)
2026-03-24 01:50:22,462 [INFO] jobs.pair_job:   Flushed final 585 rows (total written: 8,085)
2026-03-24 01:50:22,463 [INFO] jobs.pair_job: Wrote 8,085 total rows to pair_results_raw
2026-03-24 01:50:25,140 [WARNING] src.permutation: BUDGET ALERT: 53.2% of pairs hit tier 3 permutations (threshold: 10.0%). Review compute costs.
2026-03-24 01:50:25,408 [INFO] src.bq_io: Wrote 1 rows to capstone-487001.output_results_local.pipeline_run_log (WRITE_APPEND)
2026-03-24 01:50:25,408 [INFO] jobs.pair_job: Pair job complete: 1,617 pairs, 8,085 rows written, 362.1s
2026-03-24 01:50:26,995 [INFO] src.bq_io: Wrote 1 rows to capstone-487001.output_results_local.pipeline_run_log (WRITE_APPEND)
2026-03-24 01:50:26,996 [INFO] jobs.pair_job: Pair job complete: 1,617 pairs, 8,085 rows written, 363.3s
2026-03-24 01:50:28,904 [INFO] src.bq_io: Wrote 585 rows to capstone-487001.output_results_local.pair_results_raw (WRITE_APPEND)
2026-03-24 01:50:28,904 [INFO] jobs.pair_job:   Flushed final 585 rows (total written: 8,085)
2026-03-24 01:50:28,904 [INFO] jobs.pair_job: Wrote 8,085 total rows to pair_results_raw
2026-03-24 01:50:32,058 [INFO] src.bq_io: Wrote 1 rows to capstone-487001.output_results_local.pipeline_run_log (WRITE_APPEND)
2026-03-24 01:50:32,058 [INFO] jobs.pair_job: Pair job complete: 1,617 pairs, 8,085 rows written, 369.7s
