2026-03-13 01:28:18,280 [INFO] __main__: Config loaded from: C:\Users\ethan\VSCode\Capstone\lead_lag_local\config\config.yaml
2026-03-13 01:28:18,289 [INFO] scripts.setup: ============================================================
2026-03-13 01:28:18,289 [INFO] scripts.setup: QUANT LEAD-LAG PIPELINE — INITIAL SETUP
2026-03-13 01:28:18,290 [INFO] scripts.setup: ============================================================
2026-03-13 01:28:18,290 [INFO] scripts.setup: 
[1/6] Creating BigQuery tables...
2026-03-13 01:28:21,646 [INFO] src.bq_io: BigQuery client initialized for project: capstone-487001
2026-03-13 01:28:21,647 [INFO] src.bq_schema: Creating BigQuery tables...
2026-03-13 01:28:22,818 [INFO] src.bq_schema:   → Already exists: capstone-487001.output_results_local.ticker_metadata
2026-03-13 01:28:23,015 [INFO] src.bq_schema:   → Already exists: capstone-487001.output_results_local.ff_factors
2026-03-13 01:28:23,189 [INFO] src.bq_schema:   → Already exists: capstone-487001.output_results_local.filtered_universe
2026-03-13 01:28:23,380 [INFO] src.bq_schema:   → Already exists: capstone-487001.output_results_local.rolling_residuals
2026-03-13 01:28:23,706 [INFO] src.bq_schema:   → Already exists: capstone-487001.output_results_local.pair_results_raw
2026-03-13 01:28:23,840 [INFO] src.bq_schema:   → Already exists: capstone-487001.output_results_local.pair_results_filtered
2026-03-13 01:28:24,020 [INFO] src.bq_schema:   → Already exists: capstone-487001.output_results_local.stability_metrics
2026-03-13 01:28:24,240 [INFO] src.bq_schema:   → Already exists: capstone-487001.output_results_local.oos_strategy_returns
2026-03-13 01:28:24,445 [INFO] src.bq_schema:   → Already exists: capstone-487001.output_results_local.model_weights
2026-03-13 01:28:24,629 [INFO] src.bq_schema:   → Already exists: capstone-487001.output_results_local.final_network
2026-03-13 01:28:24,814 [INFO] src.bq_schema:   → Already exists: capstone-487001.output_results_local.synthetic_health_log
2026-03-13 01:28:24,997 [INFO] src.bq_schema:   → Already exists: capstone-487001.output_results_local.pipeline_run_log
2026-03-13 01:28:24,997 [INFO] src.bq_schema: Table creation complete: 12 tables processed
2026-03-13 01:28:24,998 [INFO] scripts.setup:   ✓ Tables created
2026-03-13 01:28:24,998 [INFO] scripts.setup: 
[2/6] Downloading and ingesting Fama-French factors...
2026-03-13 01:28:25,719 [INFO] src.residuals: Downloading 3factor factors from French library...
2026-03-13 01:28:26,824 [INFO] src.residuals: Downloaded 26171 daily factor observations.
2026-03-13 01:28:31,155 [INFO] src.bq_io: Wrote 26,171 rows to capstone-487001.output_results_local.ff_factors (WRITE_TRUNCATE)
2026-03-13 01:28:31,156 [INFO] src.residuals: FF factors written to BigQuery.
2026-03-13 01:28:31,156 [INFO] scripts.setup:   ✓ 3factor factors ingested
2026-03-13 01:28:31,157 [INFO] scripts.setup: 
[3/6] Skipping ticker metadata ingestion (using existing yfinance_stocks_data.ticker-metadata)
2026-03-13 01:28:31,157 [INFO] scripts.setup:   ✓ Skipped — metadata already exists in yfinance_stocks_data dataset
2026-03-13 01:28:31,157 [INFO] scripts.setup: 
[4/6] Running universe quality filter...
2026-03-13 01:28:31,158 [INFO] src.universe: Running universe filter: 2010-01-01 → 2025-12-31, min_years=2, min_coverage=95%, min_dollar_vol=$250,000,000, min_mkt_cap=$10,000,000,000
2026-03-13 01:28:31,158 [INFO] src.universe: Querying market data stats from BigQuery...
2026-03-13 01:28:33,050 [INFO] src.universe: Found 1,683 tickers with market data
2026-03-13 01:28:33,057 [INFO] src.universe: Universe filter complete: 99 / 1,683 tickers pass (5.9%)
2026-03-13 01:28:33,060 [INFO] src.universe:   Rejected (920): Median dollar volume below $250,000,000
2026-03-13 01:28:33,060 [INFO] src.universe:   Rejected (658): Coverage below 95%
2026-03-13 01:28:33,061 [INFO] src.universe:   Rejected (5): Insufficient trading days (< 504)
2026-03-13 01:28:33,061 [INFO] src.universe:   Rejected (1): Market cap below $10,000,000,000
2026-03-13 01:28:37,264 [INFO] src.bq_io: Wrote 1,683 rows to capstone-487001.output_results_local.filtered_universe (WRITE_TRUNCATE)
2026-03-13 01:28:37,266 [INFO] scripts.setup:   ✓ 99 valid tickers pass quality filter
2026-03-13 01:28:37,267 [WARNING] scripts.setup:   WARNING: Only 99 tickers passed. Consider relaxing thresholds in config.yaml (min_market_cap, min_median_dollar_volume, min_trading_day_coverage)
2026-03-13 01:28:37,268 [INFO] scripts.setup: 
[5/6] Computing historical rolling residuals (this may take a while)...
2026-03-13 01:28:37,269 [INFO] scripts.setup:   Note: This runs residuals for all windows from start_date to end_date.
2026-03-13 01:28:37,270 [INFO] scripts.setup:   For production: consider running this as a Cloud Run job.
2026-03-13 01:28:37,287 [INFO] src.windows: Generated 61 strict quarterly windows up to 2025-12-31
2026-03-13 01:28:37,288 [INFO] scripts.setup:   Processing 61 rolling windows...
2026-03-13 01:28:39,090 [INFO] src.universe: Loaded 99 valid tickers
2026-03-13 01:28:39,091 [INFO] src.residuals: Processing window: 2010-01-01 → 2010-12-31
2026-03-13 01:28:39,092 [INFO] src.residuals: Computing residuals for window 2010-01-01 → 2010-12-31
2026-03-13 01:28:41,012 [INFO] src.bq_io: Loaded 24,825 price rows for 99 tickers (2010-01-01→2010-12-31)
2026-03-13 01:28:42,984 [INFO] src.residuals: DEBUG: Merged data has 24825 rows after joining prices and factors.
2026-03-13 01:28:43,134 [INFO] src.residuals: Residuals computed: 24,726 rows across 99 tickers
2026-03-13 01:28:49,265 [INFO] src.bq_io: Wrote 24,726 rows to capstone-487001.output_results_local.rolling_residuals (WRITE_APPEND)
2026-03-13 01:28:49,265 [INFO] src.residuals: Processing window: 2010-04-01 → 2011-03-31
2026-03-13 01:28:49,266 [INFO] src.residuals: Computing residuals for window 2010-04-01 → 2011-03-31
2026-03-13 01:28:51,132 [INFO] src.bq_io: Loaded 24,986 price rows for 99 tickers (2010-04-01→2011-03-31)
2026-03-13 01:28:52,901 [INFO] src.residuals: DEBUG: Merged data has 24986 rows after joining prices and factors.
2026-03-13 01:28:53,054 [INFO] src.residuals: Residuals computed: 24,887 rows across 99 tickers
2026-03-13 01:29:01,090 [INFO] src.bq_io: Wrote 24,887 rows to capstone-487001.output_results_local.rolling_residuals (WRITE_APPEND)
2026-03-13 01:29:01,091 [INFO] src.residuals: Processing window: 2010-07-01 → 2011-06-30
2026-03-13 01:29:01,091 [INFO] src.residuals: Computing residuals for window 2010-07-01 → 2011-06-30
2026-03-13 01:29:02,795 [INFO] src.bq_io: Loaded 25,047 price rows for 99 tickers (2010-07-01→2011-06-30)
2026-03-13 01:29:04,651 [INFO] src.residuals: DEBUG: Merged data has 25047 rows after joining prices and factors.
2026-03-13 01:29:04,802 [INFO] src.residuals: Residuals computed: 24,948 rows across 99 tickers
2026-03-13 01:29:10,573 [INFO] src.bq_io: Wrote 24,948 rows to capstone-487001.output_results_local.rolling_residuals (WRITE_APPEND)
2026-03-13 01:29:10,574 [INFO] src.residuals: Processing window: 2010-10-01 → 2011-09-30
2026-03-13 01:29:10,575 [INFO] src.residuals: Computing residuals for window 2010-10-01 → 2011-09-30
2026-03-13 01:29:12,278 [INFO] src.bq_io: Loaded 25,047 price rows for 99 tickers (2010-10-01→2011-09-30)
2026-03-13 01:29:14,026 [INFO] src.residuals: DEBUG: Merged data has 25047 rows after joining prices and factors.
2026-03-13 01:29:14,199 [INFO] src.residuals: Residuals computed: 24,948 rows across 99 tickers
2026-03-13 01:29:20,506 [INFO] src.bq_io: Wrote 24,948 rows to capstone-487001.output_results_local.rolling_residuals (WRITE_APPEND)
2026-03-13 01:29:20,506 [INFO] src.residuals: Processing window: 2011-01-01 → 2011-12-31
2026-03-13 01:29:20,506 [INFO] src.residuals: Computing residuals for window 2011-01-01 → 2011-12-31
2026-03-13 01:29:22,078 [INFO] src.bq_io: Loaded 24,948 price rows for 99 tickers (2011-01-01→2011-12-31)
2026-03-13 01:29:23,884 [INFO] src.residuals: DEBUG: Merged data has 24948 rows after joining prices and factors.
2026-03-13 01:29:24,033 [INFO] src.residuals: Residuals computed: 24,849 rows across 99 tickers
2026-03-13 01:29:51,972 [INFO] src.bq_io: Wrote 24,849 rows to capstone-487001.output_results_local.rolling_residuals (WRITE_APPEND)
2026-03-13 01:29:51,973 [INFO] src.residuals: Processing window: 2011-04-01 → 2012-03-31
2026-03-13 01:29:51,974 [INFO] src.residuals: Computing residuals for window 2011-04-01 → 2012-03-31
2026-03-13 01:29:53,773 [INFO] src.bq_io: Loaded 24,948 price rows for 99 tickers (2011-04-01→2012-03-31)
2026-03-13 01:29:55,673 [INFO] src.residuals: DEBUG: Merged data has 24948 rows after joining prices and factors.
2026-03-13 01:29:55,826 [INFO] src.residuals: Residuals computed: 24,849 rows across 99 tickers
2026-03-13 01:30:03,313 [INFO] src.bq_io: Wrote 24,849 rows to capstone-487001.output_results_local.rolling_residuals (WRITE_APPEND)
2026-03-13 01:30:03,313 [INFO] src.residuals: Processing window: 2011-07-01 → 2012-06-30
2026-03-13 01:30:03,314 [INFO] src.residuals: Computing residuals for window 2011-07-01 → 2012-06-30
2026-03-13 01:30:05,298 [INFO] src.bq_io: Loaded 24,948 price rows for 99 tickers (2011-07-01→2012-06-30)
2026-03-13 01:30:07,669 [INFO] src.residuals: DEBUG: Merged data has 24948 rows after joining prices and factors.
2026-03-13 01:30:07,813 [INFO] src.residuals: Residuals computed: 24,849 rows across 99 tickers
2026-03-13 01:30:14,698 [INFO] src.bq_io: Wrote 24,849 rows to capstone-487001.output_results_local.rolling_residuals (WRITE_APPEND)
2026-03-13 01:30:14,699 [INFO] src.residuals: Processing window: 2011-10-01 → 2012-09-30
2026-03-13 01:30:14,700 [INFO] src.residuals: Computing residuals for window 2011-10-01 → 2012-09-30
2026-03-13 01:30:17,138 [INFO] src.bq_io: Loaded 24,849 price rows for 99 tickers (2011-10-01→2012-09-30)
2026-03-13 01:30:19,175 [INFO] src.residuals: DEBUG: Merged data has 24849 rows after joining prices and factors.
2026-03-13 01:30:19,318 [INFO] src.residuals: Residuals computed: 24,750 rows across 99 tickers
2026-03-13 01:30:27,449 [INFO] src.bq_io: Wrote 24,750 rows to capstone-487001.output_results_local.rolling_residuals (WRITE_APPEND)
2026-03-13 01:30:27,450 [INFO] src.residuals: Processing window: 2012-01-01 → 2012-12-31
2026-03-13 01:30:27,450 [INFO] src.residuals: Computing residuals for window 2012-01-01 → 2012-12-31
2026-03-13 01:30:29,684 [INFO] src.bq_io: Loaded 24,750 price rows for 99 tickers (2012-01-01→2012-12-31)
2026-03-13 01:30:32,139 [INFO] src.residuals: DEBUG: Merged data has 24750 rows after joining prices and factors.
2026-03-13 01:30:32,285 [INFO] src.residuals: Residuals computed: 24,651 rows across 99 tickers
2026-03-13 01:30:40,555 [INFO] src.bq_io: Wrote 24,651 rows to capstone-487001.output_results_local.rolling_residuals (WRITE_APPEND)
2026-03-13 01:30:40,556 [INFO] src.residuals: Processing window: 2012-04-01 → 2013-03-31
2026-03-13 01:30:40,557 [INFO] src.residuals: Computing residuals for window 2012-04-01 → 2013-03-31
2026-03-13 01:30:42,325 [INFO] src.bq_io: Loaded 24,552 price rows for 99 tickers (2012-04-01→2013-03-31)
2026-03-13 01:30:44,224 [INFO] src.residuals: DEBUG: Merged data has 24552 rows after joining prices and factors.
2026-03-13 01:30:44,385 [INFO] src.residuals: Residuals computed: 24,453 rows across 99 tickers
2026-03-13 01:30:51,758 [INFO] src.bq_io: Wrote 24,453 rows to capstone-487001.output_results_local.rolling_residuals (WRITE_APPEND)
2026-03-13 01:30:51,759 [INFO] src.residuals: Processing window: 2012-07-01 → 2013-06-30
2026-03-13 01:30:51,760 [INFO] src.residuals: Computing residuals for window 2012-07-01 → 2013-06-30
2026-03-13 01:30:53,854 [INFO] src.bq_io: Loaded 24,651 price rows for 99 tickers (2012-07-01→2013-06-30)
2026-03-13 01:30:55,906 [INFO] src.residuals: DEBUG: Merged data has 24651 rows after joining prices and factors.
2026-03-13 01:30:56,056 [INFO] src.residuals: Residuals computed: 24,552 rows across 99 tickers
2026-03-13 01:31:10,506 [INFO] src.bq_io: Wrote 24,552 rows to capstone-487001.output_results_local.rolling_residuals (WRITE_APPEND)
2026-03-13 01:31:10,506 [INFO] src.residuals: Processing window: 2012-10-01 → 2013-09-30
2026-03-13 01:31:10,506 [INFO] src.residuals: Computing residuals for window 2012-10-01 → 2013-09-30
2026-03-13 01:31:12,102 [INFO] src.bq_io: Loaded 24,750 price rows for 99 tickers (2012-10-01→2013-09-30)
2026-03-13 01:31:14,011 [INFO] src.residuals: DEBUG: Merged data has 24750 rows after joining prices and factors.
2026-03-13 01:31:14,167 [INFO] src.residuals: Residuals computed: 24,651 rows across 99 tickers
2026-03-13 01:31:21,126 [INFO] src.bq_io: Wrote 24,651 rows to capstone-487001.output_results_local.rolling_residuals (WRITE_APPEND)
2026-03-13 01:31:21,127 [INFO] src.residuals: Processing window: 2013-01-01 → 2013-12-31
2026-03-13 01:31:21,127 [INFO] src.residuals: Computing residuals for window 2013-01-01 → 2013-12-31
2026-03-13 01:31:22,973 [INFO] src.bq_io: Loaded 24,948 price rows for 99 tickers (2013-01-01→2013-12-31)
2026-03-13 01:31:24,863 [INFO] src.residuals: DEBUG: Merged data has 24948 rows after joining prices and factors.
2026-03-13 01:31:25,051 [INFO] src.residuals: Residuals computed: 24,849 rows across 99 tickers
2026-03-13 01:31:38,805 [INFO] src.bq_io: Wrote 24,849 rows to capstone-487001.output_results_local.rolling_residuals (WRITE_APPEND)
2026-03-13 01:31:38,806 [INFO] src.residuals: Processing window: 2013-04-01 → 2014-03-31
2026-03-13 01:31:38,807 [INFO] src.residuals: Computing residuals for window 2013-04-01 → 2014-03-31
2026-03-13 01:31:40,577 [INFO] src.bq_io: Loaded 25,047 price rows for 99 tickers (2013-04-01→2014-03-31)
2026-03-13 01:31:42,494 [INFO] src.residuals: DEBUG: Merged data has 25047 rows after joining prices and factors.
2026-03-13 01:31:42,652 [INFO] src.residuals: Residuals computed: 24,948 rows across 99 tickers
2026-03-13 01:31:51,900 [INFO] src.bq_io: Wrote 24,948 rows to capstone-487001.output_results_local.rolling_residuals (WRITE_APPEND)
2026-03-13 01:31:51,901 [INFO] src.residuals: Processing window: 2013-07-01 → 2014-06-30
2026-03-13 01:31:51,902 [INFO] src.residuals: Computing residuals for window 2013-07-01 → 2014-06-30
2026-03-13 01:31:53,422 [INFO] src.bq_io: Loaded 24,948 price rows for 99 tickers (2013-07-01→2014-06-30)
2026-03-13 01:31:55,324 [INFO] src.residuals: DEBUG: Merged data has 24948 rows after joining prices and factors.
2026-03-13 01:31:55,484 [INFO] src.residuals: Residuals computed: 24,849 rows across 99 tickers
2026-03-13 01:32:01,131 [INFO] src.bq_io: Wrote 24,849 rows to capstone-487001.output_results_local.rolling_residuals (WRITE_APPEND)
2026-03-13 01:32:01,132 [INFO] src.residuals: Processing window: 2013-10-01 → 2014-09-30
2026-03-13 01:32:01,132 [INFO] src.residuals: Computing residuals for window 2013-10-01 → 2014-09-30
2026-03-13 01:32:02,891 [INFO] src.bq_io: Loaded 24,948 price rows for 99 tickers (2013-10-01→2014-09-30)
2026-03-13 01:32:04,863 [INFO] src.residuals: DEBUG: Merged data has 24948 rows after joining prices and factors.
2026-03-13 01:32:05,036 [INFO] src.residuals: Residuals computed: 24,849 rows across 99 tickers
2026-03-13 01:32:11,741 [INFO] src.bq_io: Wrote 24,849 rows to capstone-487001.output_results_local.rolling_residuals (WRITE_APPEND)
2026-03-13 01:32:11,742 [INFO] src.residuals: Processing window: 2014-01-01 → 2014-12-31
2026-03-13 01:32:11,742 [INFO] src.residuals: Computing residuals for window 2014-01-01 → 2014-12-31
2026-03-13 01:32:14,265 [INFO] src.bq_io: Loaded 24,948 price rows for 99 tickers (2014-01-01→2014-12-31)
2026-03-13 01:32:16,423 [INFO] src.residuals: DEBUG: Merged data has 24948 rows after joining prices and factors.
2026-03-13 01:32:16,583 [INFO] src.residuals: Residuals computed: 24,849 rows across 99 tickers
2026-03-13 01:32:23,946 [INFO] src.bq_io: Wrote 24,849 rows to capstone-487001.output_results_local.rolling_residuals (WRITE_APPEND)
2026-03-13 01:32:23,946 [INFO] src.residuals: Processing window: 2014-04-01 → 2015-03-31
2026-03-13 01:32:23,947 [INFO] src.residuals: Computing residuals for window 2014-04-01 → 2015-03-31
2026-03-13 01:32:25,784 [INFO] src.bq_io: Loaded 24,948 price rows for 99 tickers (2014-04-01→2015-03-31)
2026-03-13 01:32:27,714 [INFO] src.residuals: DEBUG: Merged data has 24948 rows after joining prices and factors.
2026-03-13 01:32:27,865 [INFO] src.residuals: Residuals computed: 24,849 rows across 99 tickers
2026-03-13 01:32:34,127 [INFO] src.bq_io: Wrote 24,849 rows to capstone-487001.output_results_local.rolling_residuals (WRITE_APPEND)
2026-03-13 01:32:34,127 [INFO] src.residuals: Processing window: 2014-07-01 → 2015-06-30
2026-03-13 01:32:34,128 [INFO] src.residuals: Computing residuals for window 2014-07-01 → 2015-06-30
2026-03-13 01:32:36,024 [INFO] src.bq_io: Loaded 24,948 price rows for 99 tickers (2014-07-01→2015-06-30)
2026-03-13 01:32:38,376 [INFO] src.residuals: DEBUG: Merged data has 24948 rows after joining prices and factors.
2026-03-13 01:32:38,526 [INFO] src.residuals: Residuals computed: 24,849 rows across 99 tickers
2026-03-13 01:32:44,324 [INFO] src.bq_io: Wrote 24,849 rows to capstone-487001.output_results_local.rolling_residuals (WRITE_APPEND)
2026-03-13 01:32:44,325 [INFO] src.residuals: Processing window: 2014-10-01 → 2015-09-30
2026-03-13 01:32:44,325 [INFO] src.residuals: Computing residuals for window 2014-10-01 → 2015-09-30
2026-03-13 01:32:46,141 [INFO] src.bq_io: Loaded 24,948 price rows for 99 tickers (2014-10-01→2015-09-30)
2026-03-13 01:32:48,292 [INFO] src.residuals: DEBUG: Merged data has 24948 rows after joining prices and factors.
2026-03-13 01:32:48,462 [INFO] src.residuals: Residuals computed: 24,849 rows across 99 tickers
2026-03-13 01:32:55,422 [INFO] src.bq_io: Wrote 24,849 rows to capstone-487001.output_results_local.rolling_residuals (WRITE_APPEND)
2026-03-13 01:32:55,422 [INFO] src.residuals: Processing window: 2015-01-01 → 2015-12-31
2026-03-13 01:32:55,423 [INFO] src.residuals: Computing residuals for window 2015-01-01 → 2015-12-31
2026-03-13 01:32:57,248 [INFO] src.bq_io: Loaded 24,948 price rows for 99 tickers (2015-01-01→2015-12-31)
2026-03-13 01:32:59,252 [INFO] src.residuals: DEBUG: Merged data has 24948 rows after joining prices and factors.
2026-03-13 01:32:59,402 [INFO] src.residuals: Residuals computed: 24,849 rows across 99 tickers
2026-03-13 01:33:09,686 [INFO] src.bq_io: Wrote 24,849 rows to capstone-487001.output_results_local.rolling_residuals (WRITE_APPEND)
2026-03-13 01:33:09,686 [INFO] src.residuals: Processing window: 2015-04-01 → 2016-03-31
2026-03-13 01:33:09,686 [INFO] src.residuals: Computing residuals for window 2015-04-01 → 2016-03-31
2026-03-13 01:33:11,402 [INFO] src.bq_io: Loaded 24,948 price rows for 99 tickers (2015-04-01→2016-03-31)
2026-03-13 01:33:13,389 [INFO] src.residuals: DEBUG: Merged data has 24948 rows after joining prices and factors.
2026-03-13 01:33:13,539 [INFO] src.residuals: Residuals computed: 24,849 rows across 99 tickers
2026-03-13 01:33:23,476 [INFO] src.bq_io: Wrote 24,849 rows to capstone-487001.output_results_local.rolling_residuals (WRITE_APPEND)
2026-03-13 01:33:23,477 [INFO] src.residuals: Processing window: 2015-07-01 → 2016-06-30
2026-03-13 01:33:23,477 [INFO] src.residuals: Computing residuals for window 2015-07-01 → 2016-06-30
2026-03-13 01:33:25,170 [INFO] src.bq_io: Loaded 25,047 price rows for 99 tickers (2015-07-01→2016-06-30)
2026-03-13 01:33:27,678 [INFO] src.residuals: DEBUG: Merged data has 25047 rows after joining prices and factors.
2026-03-13 01:33:27,830 [INFO] src.residuals: Residuals computed: 24,948 rows across 99 tickers
2026-03-13 01:33:33,410 [INFO] src.bq_io: Wrote 24,948 rows to capstone-487001.output_results_local.rolling_residuals (WRITE_APPEND)
2026-03-13 01:33:33,411 [INFO] src.residuals: Processing window: 2015-10-01 → 2016-09-30
2026-03-13 01:33:33,411 [INFO] src.residuals: Computing residuals for window 2015-10-01 → 2016-09-30
2026-03-13 01:33:35,205 [INFO] src.bq_io: Loaded 25,047 price rows for 99 tickers (2015-10-01→2016-09-30)
2026-03-13 01:33:37,577 [INFO] src.residuals: DEBUG: Merged data has 25047 rows after joining prices and factors.
2026-03-13 01:33:37,731 [INFO] src.residuals: Residuals computed: 24,948 rows across 99 tickers
2026-03-13 01:33:43,889 [INFO] src.bq_io: Wrote 24,948 rows to capstone-487001.output_results_local.rolling_residuals (WRITE_APPEND)
2026-03-13 01:33:43,890 [INFO] src.residuals: Processing window: 2016-01-01 → 2016-12-31
2026-03-13 01:33:43,890 [INFO] src.residuals: Computing residuals for window 2016-01-01 → 2016-12-31
2026-03-13 01:33:45,997 [INFO] src.bq_io: Loaded 24,948 price rows for 99 tickers (2016-01-01→2016-12-31)
2026-03-13 01:33:48,176 [INFO] src.residuals: DEBUG: Merged data has 24948 rows after joining prices and factors.
2026-03-13 01:33:48,322 [INFO] src.residuals: Residuals computed: 24,849 rows across 99 tickers
2026-03-13 01:33:53,827 [INFO] src.bq_io: Wrote 24,849 rows to capstone-487001.output_results_local.rolling_residuals (WRITE_APPEND)
2026-03-13 01:33:53,827 [INFO] src.residuals: Processing window: 2016-04-01 → 2017-03-31
2026-03-13 01:33:53,827 [INFO] src.residuals: Computing residuals for window 2016-04-01 → 2017-03-31
2026-03-13 01:33:55,672 [INFO] src.bq_io: Loaded 25,047 price rows for 99 tickers (2016-04-01→2017-03-31)
2026-03-13 01:33:57,934 [INFO] src.residuals: DEBUG: Merged data has 25047 rows after joining prices and factors.
2026-03-13 01:33:58,091 [INFO] src.residuals: Residuals computed: 24,948 rows across 99 tickers
2026-03-13 01:34:04,594 [INFO] src.bq_io: Wrote 24,948 rows to capstone-487001.output_results_local.rolling_residuals (WRITE_APPEND)
2026-03-13 01:34:04,594 [INFO] src.residuals: Processing window: 2016-07-01 → 2017-06-30
2026-03-13 01:34:04,595 [INFO] src.residuals: Computing residuals for window 2016-07-01 → 2017-06-30
2026-03-13 01:34:06,218 [INFO] src.bq_io: Loaded 24,948 price rows for 99 tickers (2016-07-01→2017-06-30)
2026-03-13 01:34:08,049 [INFO] src.residuals: DEBUG: Merged data has 24948 rows after joining prices and factors.
2026-03-13 01:34:08,197 [INFO] src.residuals: Residuals computed: 24,849 rows across 99 tickers
2026-03-13 01:35:20,211 [INFO] src.bq_io: Wrote 24,849 rows to capstone-487001.output_results_local.rolling_residuals (WRITE_APPEND)
2026-03-13 01:35:20,212 [INFO] src.residuals: Processing window: 2016-10-01 → 2017-09-30
2026-03-13 01:35:20,212 [INFO] src.residuals: Computing residuals for window 2016-10-01 → 2017-09-30
2026-03-13 01:35:21,933 [INFO] src.bq_io: Loaded 24,849 price rows for 99 tickers (2016-10-01→2017-09-30)
2026-03-13 01:35:23,813 [INFO] src.residuals: DEBUG: Merged data has 24849 rows after joining prices and factors.
2026-03-13 01:35:23,963 [INFO] src.residuals: Residuals computed: 24,750 rows across 99 tickers
2026-03-13 01:35:32,668 [INFO] src.bq_io: Wrote 24,750 rows to capstone-487001.output_results_local.rolling_residuals (WRITE_APPEND)
2026-03-13 01:35:32,669 [INFO] src.residuals: Processing window: 2017-01-01 → 2017-12-31
2026-03-13 01:35:32,669 [INFO] src.residuals: Computing residuals for window 2017-01-01 → 2017-12-31
2026-03-13 01:35:34,563 [INFO] src.bq_io: Loaded 24,849 price rows for 99 tickers (2017-01-01→2017-12-31)
2026-03-13 01:35:36,651 [INFO] src.residuals: DEBUG: Merged data has 24849 rows after joining prices and factors.
2026-03-13 01:35:36,803 [INFO] src.residuals: Residuals computed: 24,750 rows across 99 tickers
2026-03-13 01:35:49,364 [INFO] src.bq_io: Wrote 24,750 rows to capstone-487001.output_results_local.rolling_residuals (WRITE_APPEND)
2026-03-13 01:35:49,364 [INFO] src.residuals: Processing window: 2017-04-01 → 2018-03-31
2026-03-13 01:35:49,364 [INFO] src.residuals: Computing residuals for window 2017-04-01 → 2018-03-31
2026-03-13 01:35:51,692 [INFO] src.bq_io: Loaded 24,750 price rows for 99 tickers (2017-04-01→2018-03-31)
2026-03-13 01:35:53,694 [INFO] src.residuals: DEBUG: Merged data has 24750 rows after joining prices and factors.
2026-03-13 01:35:53,850 [INFO] src.residuals: Residuals computed: 24,651 rows across 99 tickers
2026-03-13 01:36:01,063 [INFO] src.bq_io: Wrote 24,651 rows to capstone-487001.output_results_local.rolling_residuals (WRITE_APPEND)
2026-03-13 01:36:01,063 [INFO] src.residuals: Processing window: 2017-07-01 → 2018-06-30
2026-03-13 01:36:01,063 [INFO] src.residuals: Computing residuals for window 2017-07-01 → 2018-06-30
2026-03-13 01:36:03,325 [INFO] src.bq_io: Loaded 24,849 price rows for 99 tickers (2017-07-01→2018-06-30)
2026-03-13 01:36:05,288 [INFO] src.residuals: DEBUG: Merged data has 24849 rows after joining prices and factors.
2026-03-13 01:36:05,451 [INFO] src.residuals: Residuals computed: 24,750 rows across 99 tickers
2026-03-13 01:36:11,394 [INFO] src.bq_io: Wrote 24,750 rows to capstone-487001.output_results_local.rolling_residuals (WRITE_APPEND)
2026-03-13 01:36:11,395 [INFO] src.residuals: Processing window: 2017-10-01 → 2018-09-30
2026-03-13 01:36:11,395 [INFO] src.residuals: Computing residuals for window 2017-10-01 → 2018-09-30
2026-03-13 01:36:13,147 [INFO] src.bq_io: Loaded 24,849 price rows for 99 tickers (2017-10-01→2018-09-30)
2026-03-13 01:36:14,865 [INFO] src.residuals: DEBUG: Merged data has 24849 rows after joining prices and factors.
2026-03-13 01:36:15,016 [INFO] src.residuals: Residuals computed: 24,750 rows across 99 tickers
2026-03-13 01:36:21,164 [INFO] src.bq_io: Wrote 24,750 rows to capstone-487001.output_results_local.rolling_residuals (WRITE_APPEND)
2026-03-13 01:36:21,164 [INFO] src.residuals: Processing window: 2018-01-01 → 2018-12-31
2026-03-13 01:36:21,164 [INFO] src.residuals: Computing residuals for window 2018-01-01 → 2018-12-31
2026-03-13 01:36:23,230 [INFO] src.bq_io: Loaded 24,849 price rows for 99 tickers (2018-01-01→2018-12-31)
2026-03-13 01:36:25,014 [INFO] src.residuals: DEBUG: Merged data has 24849 rows after joining prices and factors.
2026-03-13 01:36:25,179 [INFO] src.residuals: Residuals computed: 24,750 rows across 99 tickers
2026-03-13 01:36:31,506 [INFO] src.bq_io: Wrote 24,750 rows to capstone-487001.output_results_local.rolling_residuals (WRITE_APPEND)
2026-03-13 01:36:31,507 [INFO] src.residuals: Processing window: 2018-04-01 → 2019-03-31
2026-03-13 01:36:31,507 [INFO] src.residuals: Computing residuals for window 2018-04-01 → 2019-03-31
2026-03-13 01:36:33,408 [INFO] src.bq_io: Loaded 24,849 price rows for 99 tickers (2018-04-01→2019-03-31)
2026-03-13 01:36:35,183 [INFO] src.residuals: DEBUG: Merged data has 24849 rows after joining prices and factors.
2026-03-13 01:36:35,335 [INFO] src.residuals: Residuals computed: 24,750 rows across 99 tickers
2026-03-13 01:36:46,432 [INFO] src.bq_io: Wrote 24,750 rows to capstone-487001.output_results_local.rolling_residuals (WRITE_APPEND)
2026-03-13 01:36:46,433 [INFO] src.residuals: Processing window: 2018-07-01 → 2019-06-30
2026-03-13 01:36:46,433 [INFO] src.residuals: Computing residuals for window 2018-07-01 → 2019-06-30
2026-03-13 01:36:48,306 [INFO] src.bq_io: Loaded 24,750 price rows for 99 tickers (2018-07-01→2019-06-30)
2026-03-13 01:36:50,277 [INFO] src.residuals: DEBUG: Merged data has 24750 rows after joining prices and factors.
2026-03-13 01:36:50,427 [INFO] src.residuals: Residuals computed: 24,651 rows across 99 tickers
2026-03-13 01:36:56,098 [INFO] src.bq_io: Wrote 24,651 rows to capstone-487001.output_results_local.rolling_residuals (WRITE_APPEND)
2026-03-13 01:36:56,098 [INFO] src.residuals: Processing window: 2018-10-01 → 2019-09-30
2026-03-13 01:36:56,099 [INFO] src.residuals: Computing residuals for window 2018-10-01 → 2019-09-30
2026-03-13 01:36:58,260 [INFO] src.bq_io: Loaded 24,849 price rows for 99 tickers (2018-10-01→2019-09-30)
2026-03-13 01:37:00,171 [INFO] src.residuals: DEBUG: Merged data has 24849 rows after joining prices and factors.
2026-03-13 01:37:00,321 [INFO] src.residuals: Residuals computed: 24,750 rows across 99 tickers
2026-03-13 01:37:06,506 [INFO] src.bq_io: Wrote 24,750 rows to capstone-487001.output_results_local.rolling_residuals (WRITE_APPEND)
2026-03-13 01:37:06,506 [INFO] src.residuals: Processing window: 2019-01-01 → 2019-12-31
2026-03-13 01:37:06,507 [INFO] src.residuals: Computing residuals for window 2019-01-01 → 2019-12-31
2026-03-13 01:37:08,199 [INFO] src.bq_io: Loaded 24,948 price rows for 99 tickers (2019-01-01→2019-12-31)
2026-03-13 01:37:10,197 [INFO] src.residuals: DEBUG: Merged data has 24948 rows after joining prices and factors.
2026-03-13 01:37:10,346 [INFO] src.residuals: Residuals computed: 24,849 rows across 99 tickers
2026-03-13 01:37:22,937 [INFO] src.bq_io: Wrote 24,849 rows to capstone-487001.output_results_local.rolling_residuals (WRITE_APPEND)
2026-03-13 01:37:22,937 [INFO] src.residuals: Processing window: 2019-04-01 → 2020-03-31
2026-03-13 01:37:22,938 [INFO] src.residuals: Computing residuals for window 2019-04-01 → 2020-03-31
2026-03-13 01:37:26,534 [INFO] src.bq_io: Loaded 25,047 price rows for 99 tickers (2019-04-01→2020-03-31)
2026-03-13 01:37:28,375 [INFO] src.residuals: DEBUG: Merged data has 25047 rows after joining prices and factors.
2026-03-13 01:37:28,524 [INFO] src.residuals: Residuals computed: 24,948 rows across 99 tickers
2026-03-13 01:37:36,306 [INFO] src.bq_io: Wrote 24,948 rows to capstone-487001.output_results_local.rolling_residuals (WRITE_APPEND)
2026-03-13 01:37:36,306 [INFO] src.residuals: Processing window: 2019-07-01 → 2020-06-30
2026-03-13 01:37:36,306 [INFO] src.residuals: Computing residuals for window 2019-07-01 → 2020-06-30
2026-03-13 01:37:39,910 [INFO] src.bq_io: Loaded 25,047 price rows for 99 tickers (2019-07-01→2020-06-30)
2026-03-13 01:37:42,666 [INFO] src.residuals: DEBUG: Merged data has 25047 rows after joining prices and factors.
2026-03-13 01:37:42,822 [INFO] src.residuals: Residuals computed: 24,948 rows across 99 tickers
2026-03-13 01:37:49,573 [INFO] src.bq_io: Wrote 24,948 rows to capstone-487001.output_results_local.rolling_residuals (WRITE_APPEND)
2026-03-13 01:37:49,573 [INFO] src.residuals: Processing window: 2019-10-01 → 2020-09-30
2026-03-13 01:37:49,573 [INFO] src.residuals: Computing residuals for window 2019-10-01 → 2020-09-30
2026-03-13 01:37:59,542 [INFO] src.bq_io: Loaded 25,047 price rows for 99 tickers (2019-10-01→2020-09-30)
2026-03-13 01:38:01,396 [INFO] src.residuals: DEBUG: Merged data has 25047 rows after joining prices and factors.
2026-03-13 01:38:01,545 [INFO] src.residuals: Residuals computed: 24,948 rows across 99 tickers
2026-03-13 01:38:07,201 [INFO] src.bq_io: Wrote 24,948 rows to capstone-487001.output_results_local.rolling_residuals (WRITE_APPEND)
2026-03-13 01:38:07,201 [INFO] src.residuals: Processing window: 2020-01-01 → 2020-12-31
2026-03-13 01:38:07,202 [INFO] src.residuals: Computing residuals for window 2020-01-01 → 2020-12-31
2026-03-13 01:38:11,851 [INFO] src.bq_io: Loaded 25,047 price rows for 99 tickers (2020-01-01→2020-12-31)
2026-03-13 01:38:13,685 [INFO] src.residuals: DEBUG: Merged data has 25047 rows after joining prices and factors.
2026-03-13 01:38:13,832 [INFO] src.residuals: Residuals computed: 24,948 rows across 99 tickers
2026-03-13 01:38:20,387 [INFO] src.bq_io: Wrote 24,948 rows to capstone-487001.output_results_local.rolling_residuals (WRITE_APPEND)
2026-03-13 01:38:20,388 [INFO] src.residuals: Processing window: 2020-04-01 → 2021-03-31
2026-03-13 01:38:20,388 [INFO] src.residuals: Computing residuals for window 2020-04-01 → 2021-03-31
2026-03-13 01:38:24,190 [INFO] src.bq_io: Loaded 24,948 price rows for 99 tickers (2020-04-01→2021-03-31)
2026-03-13 01:38:26,035 [INFO] src.residuals: DEBUG: Merged data has 24948 rows after joining prices and factors.
2026-03-13 01:38:26,185 [INFO] src.residuals: Residuals computed: 24,849 rows across 99 tickers
2026-03-13 01:38:33,390 [INFO] src.bq_io: Wrote 24,849 rows to capstone-487001.output_results_local.rolling_residuals (WRITE_APPEND)
2026-03-13 01:38:33,390 [INFO] src.residuals: Processing window: 2020-07-01 → 2021-06-30
2026-03-13 01:38:33,390 [INFO] src.residuals: Computing residuals for window 2020-07-01 → 2021-06-30
2026-03-13 01:38:36,289 [INFO] src.bq_io: Loaded 24,948 price rows for 99 tickers (2020-07-01→2021-06-30)
2026-03-13 01:38:38,046 [INFO] src.residuals: DEBUG: Merged data has 24948 rows after joining prices and factors.
2026-03-13 01:38:38,197 [INFO] src.residuals: Residuals computed: 24,849 rows across 99 tickers
2026-03-13 01:38:46,454 [INFO] src.bq_io: Wrote 24,849 rows to capstone-487001.output_results_local.rolling_residuals (WRITE_APPEND)
2026-03-13 01:38:46,454 [INFO] src.residuals: Processing window: 2020-10-01 → 2021-09-30
2026-03-13 01:38:46,454 [INFO] src.residuals: Computing residuals for window 2020-10-01 → 2021-09-30
2026-03-13 01:38:50,452 [INFO] src.bq_io: Loaded 24,948 price rows for 99 tickers (2020-10-01→2021-09-30)
2026-03-13 01:38:52,164 [INFO] src.residuals: DEBUG: Merged data has 24948 rows after joining prices and factors.
2026-03-13 01:38:52,313 [INFO] src.residuals: Residuals computed: 24,849 rows across 99 tickers
2026-03-13 01:38:59,743 [INFO] src.bq_io: Wrote 24,849 rows to capstone-487001.output_results_local.rolling_residuals (WRITE_APPEND)
2026-03-13 01:38:59,744 [INFO] src.residuals: Processing window: 2021-01-01 → 2021-12-31
2026-03-13 01:38:59,744 [INFO] src.residuals: Computing residuals for window 2021-01-01 → 2021-12-31
2026-03-13 01:39:02,481 [INFO] src.bq_io: Loaded 24,948 price rows for 99 tickers (2021-01-01→2021-12-31)
2026-03-13 01:39:04,615 [INFO] src.residuals: DEBUG: Merged data has 24948 rows after joining prices and factors.
2026-03-13 01:39:04,764 [INFO] src.residuals: Residuals computed: 24,849 rows across 99 tickers
2026-03-13 01:39:11,398 [INFO] src.bq_io: Wrote 24,849 rows to capstone-487001.output_results_local.rolling_residuals (WRITE_APPEND)
2026-03-13 01:39:11,399 [INFO] src.residuals: Processing window: 2021-04-01 → 2022-03-31
2026-03-13 01:39:11,399 [INFO] src.residuals: Computing residuals for window 2021-04-01 → 2022-03-31
2026-03-13 01:39:14,626 [INFO] src.bq_io: Loaded 25,047 price rows for 99 tickers (2021-04-01→2022-03-31)
2026-03-13 01:39:16,581 [INFO] src.residuals: DEBUG: Merged data has 25047 rows after joining prices and factors.
2026-03-13 01:39:16,741 [INFO] src.residuals: Residuals computed: 24,948 rows across 99 tickers
2026-03-13 01:39:24,330 [INFO] src.bq_io: Wrote 24,948 rows to capstone-487001.output_results_local.rolling_residuals (WRITE_APPEND)
2026-03-13 01:39:24,331 [INFO] src.residuals: Processing window: 2021-07-01 → 2022-06-30
2026-03-13 01:39:24,331 [INFO] src.residuals: Computing residuals for window 2021-07-01 → 2022-06-30
2026-03-13 01:39:27,582 [INFO] src.bq_io: Loaded 24,948 price rows for 99 tickers (2021-07-01→2022-06-30)
2026-03-13 01:39:29,443 [INFO] src.residuals: DEBUG: Merged data has 24948 rows after joining prices and factors.
2026-03-13 01:39:29,596 [INFO] src.residuals: Residuals computed: 24,849 rows across 99 tickers
2026-03-13 01:39:36,043 [INFO] src.bq_io: Wrote 24,849 rows to capstone-487001.output_results_local.rolling_residuals (WRITE_APPEND)
2026-03-13 01:39:36,043 [INFO] src.residuals: Processing window: 2021-10-01 → 2022-09-30
2026-03-13 01:39:36,044 [INFO] src.residuals: Computing residuals for window 2021-10-01 → 2022-09-30
2026-03-13 01:39:41,828 [INFO] src.bq_io: Loaded 24,948 price rows for 99 tickers (2021-10-01→2022-09-30)
2026-03-13 01:39:43,565 [INFO] src.residuals: DEBUG: Merged data has 24948 rows after joining prices and factors.
2026-03-13 01:39:43,713 [INFO] src.residuals: Residuals computed: 24,849 rows across 99 tickers
2026-03-13 01:39:50,878 [INFO] src.bq_io: Wrote 24,849 rows to capstone-487001.output_results_local.rolling_residuals (WRITE_APPEND)
2026-03-13 01:39:50,878 [INFO] src.residuals: Processing window: 2022-01-01 → 2022-12-31
2026-03-13 01:39:50,878 [INFO] src.residuals: Computing residuals for window 2022-01-01 → 2022-12-31
2026-03-13 01:39:53,796 [INFO] src.bq_io: Loaded 24,849 price rows for 99 tickers (2022-01-01→2022-12-31)
2026-03-13 01:39:55,592 [INFO] src.residuals: DEBUG: Merged data has 24849 rows after joining prices and factors.
2026-03-13 01:39:55,788 [INFO] src.residuals: Residuals computed: 24,750 rows across 99 tickers
2026-03-13 01:40:02,784 [INFO] src.bq_io: Wrote 24,750 rows to capstone-487001.output_results_local.rolling_residuals (WRITE_APPEND)
2026-03-13 01:40:02,784 [INFO] src.residuals: Processing window: 2022-04-01 → 2023-03-31
2026-03-13 01:40:02,785 [INFO] src.residuals: Computing residuals for window 2022-04-01 → 2023-03-31
2026-03-13 01:40:05,793 [INFO] src.bq_io: Loaded 24,849 price rows for 99 tickers (2022-04-01→2023-03-31)
2026-03-13 01:40:07,749 [INFO] src.residuals: DEBUG: Merged data has 24849 rows after joining prices and factors.
2026-03-13 01:40:07,908 [INFO] src.residuals: Residuals computed: 24,750 rows across 99 tickers
2026-03-13 01:40:12,998 [INFO] src.bq_io: Wrote 24,750 rows to capstone-487001.output_results_local.rolling_residuals (WRITE_APPEND)
2026-03-13 01:40:12,999 [INFO] src.residuals: Processing window: 2022-07-01 → 2023-06-30
2026-03-13 01:40:12,999 [INFO] src.residuals: Computing residuals for window 2022-07-01 → 2023-06-30
2026-03-13 01:40:16,241 [INFO] src.bq_io: Loaded 24,849 price rows for 99 tickers (2022-07-01→2023-06-30)
2026-03-13 01:40:18,140 [INFO] src.residuals: DEBUG: Merged data has 24849 rows after joining prices and factors.
2026-03-13 01:40:18,292 [INFO] src.residuals: Residuals computed: 24,750 rows across 99 tickers
2026-03-13 01:40:23,335 [INFO] src.bq_io: Wrote 24,750 rows to capstone-487001.output_results_local.rolling_residuals (WRITE_APPEND)
2026-03-13 01:40:23,335 [INFO] src.residuals: Processing window: 2022-10-01 → 2023-09-30
2026-03-13 01:40:23,335 [INFO] src.residuals: Computing residuals for window 2022-10-01 → 2023-09-30
2026-03-13 01:40:26,722 [INFO] src.bq_io: Loaded 24,750 price rows for 99 tickers (2022-10-01→2023-09-30)
2026-03-13 01:40:28,449 [INFO] src.residuals: DEBUG: Merged data has 24750 rows after joining prices and factors.
2026-03-13 01:40:28,598 [INFO] src.residuals: Residuals computed: 24,651 rows across 99 tickers
2026-03-13 01:40:36,091 [INFO] src.bq_io: Wrote 24,651 rows to capstone-487001.output_results_local.rolling_residuals (WRITE_APPEND)
2026-03-13 01:40:36,091 [INFO] src.residuals: Processing window: 2023-01-01 → 2023-12-31
2026-03-13 01:40:36,091 [INFO] src.residuals: Computing residuals for window 2023-01-01 → 2023-12-31
2026-03-13 01:40:38,809 [INFO] src.bq_io: Loaded 24,750 price rows for 99 tickers (2023-01-01→2023-12-31)
2026-03-13 01:40:40,766 [INFO] src.residuals: DEBUG: Merged data has 24750 rows after joining prices and factors.
2026-03-13 01:40:40,918 [INFO] src.residuals: Residuals computed: 24,651 rows across 99 tickers
2026-03-13 01:40:47,380 [INFO] src.bq_io: Wrote 24,651 rows to capstone-487001.output_results_local.rolling_residuals (WRITE_APPEND)
2026-03-13 01:40:47,381 [INFO] src.residuals: Processing window: 2023-04-01 → 2024-03-31
2026-03-13 01:40:47,381 [INFO] src.residuals: Computing residuals for window 2023-04-01 → 2024-03-31
2026-03-13 01:40:50,697 [INFO] src.bq_io: Loaded 24,651 price rows for 99 tickers (2023-04-01→2024-03-31)
2026-03-13 01:40:52,710 [INFO] src.residuals: DEBUG: Merged data has 24651 rows after joining prices and factors.
2026-03-13 01:40:52,862 [INFO] src.residuals: Residuals computed: 24,552 rows across 99 tickers
2026-03-13 01:41:00,533 [INFO] src.bq_io: Wrote 24,552 rows to capstone-487001.output_results_local.rolling_residuals (WRITE_APPEND)
2026-03-13 01:41:00,533 [INFO] src.residuals: Processing window: 2023-07-01 → 2024-06-30
2026-03-13 01:41:00,534 [INFO] src.residuals: Computing residuals for window 2023-07-01 → 2024-06-30
2026-03-13 01:41:03,447 [INFO] src.bq_io: Loaded 24,750 price rows for 99 tickers (2023-07-01→2024-06-30)
2026-03-13 01:41:05,617 [INFO] src.residuals: DEBUG: Merged data has 24750 rows after joining prices and factors.
2026-03-13 01:41:05,775 [INFO] src.residuals: Residuals computed: 24,651 rows across 99 tickers
2026-03-13 01:41:13,696 [INFO] src.bq_io: Wrote 24,651 rows to capstone-487001.output_results_local.rolling_residuals (WRITE_APPEND)
2026-03-13 01:41:13,697 [INFO] src.residuals: Processing window: 2023-10-01 → 2024-09-30
2026-03-13 01:41:13,698 [INFO] src.residuals: Computing residuals for window 2023-10-01 → 2024-09-30
2026-03-13 01:41:16,632 [INFO] src.bq_io: Loaded 24,849 price rows for 99 tickers (2023-10-01→2024-09-30)
2026-03-13 01:41:18,392 [INFO] src.residuals: DEBUG: Merged data has 24849 rows after joining prices and factors.
2026-03-13 01:41:18,562 [INFO] src.residuals: Residuals computed: 24,750 rows across 99 tickers
2026-03-13 01:41:24,823 [INFO] src.bq_io: Wrote 24,750 rows to capstone-487001.output_results_local.rolling_residuals (WRITE_APPEND)
2026-03-13 01:41:24,823 [INFO] src.residuals: Processing window: 2024-01-01 → 2024-12-31
2026-03-13 01:41:24,823 [INFO] src.residuals: Computing residuals for window 2024-01-01 → 2024-12-31
2026-03-13 01:41:28,437 [INFO] src.bq_io: Loaded 24,948 price rows for 99 tickers (2024-01-01→2024-12-31)
2026-03-13 01:41:30,238 [INFO] src.residuals: DEBUG: Merged data has 24948 rows after joining prices and factors.
2026-03-13 01:41:30,386 [INFO] src.residuals: Residuals computed: 24,849 rows across 99 tickers
2026-03-13 01:41:44,952 [INFO] src.bq_io: Wrote 24,849 rows to capstone-487001.output_results_local.rolling_residuals (WRITE_APPEND)
2026-03-13 01:41:44,953 [INFO] src.residuals: Processing window: 2024-04-01 → 2025-03-31
2026-03-13 01:41:44,953 [INFO] src.residuals: Computing residuals for window 2024-04-01 → 2025-03-31
2026-03-13 01:41:48,234 [INFO] src.bq_io: Loaded 24,849 price rows for 99 tickers (2024-04-01→2025-03-31)
2026-03-13 01:41:50,319 [INFO] src.residuals: DEBUG: Merged data has 24849 rows after joining prices and factors.
2026-03-13 01:41:50,465 [INFO] src.residuals: Residuals computed: 24,750 rows across 99 tickers
2026-03-13 01:41:57,087 [INFO] src.bq_io: Wrote 24,750 rows to capstone-487001.output_results_local.rolling_residuals (WRITE_APPEND)
2026-03-13 01:41:57,088 [INFO] src.residuals: Processing window: 2024-07-01 → 2025-06-30
2026-03-13 01:41:57,088 [INFO] src.residuals: Computing residuals for window 2024-07-01 → 2025-06-30
2026-03-13 01:42:00,564 [INFO] src.bq_io: Loaded 24,750 price rows for 99 tickers (2024-07-01→2025-06-30)
2026-03-13 01:42:02,361 [INFO] src.residuals: DEBUG: Merged data has 24750 rows after joining prices and factors.
2026-03-13 01:42:02,509 [INFO] src.residuals: Residuals computed: 24,651 rows across 99 tickers
2026-03-13 01:42:10,164 [INFO] src.bq_io: Wrote 24,651 rows to capstone-487001.output_results_local.rolling_residuals (WRITE_APPEND)
2026-03-13 01:42:10,165 [INFO] src.residuals: Processing window: 2024-10-01 → 2025-09-30
2026-03-13 01:42:10,166 [INFO] src.residuals: Computing residuals for window 2024-10-01 → 2025-09-30
2026-03-13 01:42:13,202 [INFO] src.bq_io: Loaded 24,750 price rows for 99 tickers (2024-10-01→2025-09-30)
2026-03-13 01:42:15,008 [INFO] src.residuals: DEBUG: Merged data has 24750 rows after joining prices and factors.
2026-03-13 01:42:15,153 [INFO] src.residuals: Residuals computed: 24,651 rows across 99 tickers
2026-03-13 01:42:21,449 [INFO] src.bq_io: Wrote 24,651 rows to capstone-487001.output_results_local.rolling_residuals (WRITE_APPEND)
2026-03-13 01:42:21,449 [INFO] src.residuals: Processing window: 2025-01-01 → 2025-12-31
2026-03-13 01:42:21,449 [INFO] src.residuals: Computing residuals for window 2025-01-01 → 2025-12-31
2026-03-13 01:42:25,097 [INFO] src.bq_io: Loaded 24,750 price rows for 99 tickers (2025-01-01→2025-12-31)
2026-03-13 01:42:27,019 [INFO] src.residuals: DEBUG: Merged data has 24750 rows after joining prices and factors.
2026-03-13 01:42:27,166 [INFO] src.residuals: Residuals computed: 24,651 rows across 99 tickers
2026-03-13 01:42:34,109 [INFO] src.bq_io: Wrote 24,651 rows to capstone-487001.output_results_local.rolling_residuals (WRITE_APPEND)
2026-03-13 01:42:34,110 [INFO] scripts.setup:   ✓ Historical residuals computed
2026-03-13 01:42:34,111 [INFO] scripts.setup: 
[6/6] Setup Summary
2026-03-13 01:42:34,112 [INFO] scripts.setup: ============================================================
2026-03-13 01:42:34,112 [INFO] scripts.setup:   Universe: 99 valid tickers
2026-03-13 01:42:34,113 [INFO] scripts.setup:   Date range: 2010-01-01 → 2025-12-31
2026-03-13 01:42:34,113 [INFO] scripts.setup:   Rolling windows: 61
2026-03-13 01:42:34,113 [INFO] scripts.setup:   Factor model: 3factor
2026-03-13 01:42:34,114 [INFO] scripts.setup: 
2026-03-13 01:42:34,114 [INFO] scripts.setup:   NEXT STEPS:
2026-03-13 01:42:34,114 [INFO] scripts.setup:   1. Run historical pair computation:
2026-03-13 01:42:34,114 [INFO] scripts.setup:      → Deploy pair_job.py to Cloud Run
2026-03-13 01:42:34,115 [INFO] scripts.setup:      → Trigger for all historical windows
2026-03-13 01:42:34,115 [INFO] scripts.setup:   2. Run aggregation_job.py after pair jobs complete
2026-03-13 01:42:34,115 [INFO] scripts.setup:   3. Deploy FastAPI backend
2026-03-13 01:42:34,116 [INFO] scripts.setup:   4. Deploy Cloud Scheduler for monthly trigger
2026-03-13 01:42:34,116 [INFO] scripts.setup: ============================================================
