2026-03-13 10:17:54,600 [INFO] jobs.pair_job: Pair job starting: window=2012-01-01→2012-12-31, partition=1/3, run_id=local_20260313_101732_dfd1a4
2026-03-13 10:17:54,600 [INFO] jobs.pair_job: Pair job starting: window=2012-01-01→2012-12-31, partition=0/3, run_id=local_20260313_101732_dfd1a4
2026-03-13 10:17:54,600 [INFO] jobs.pair_job: Pair job starting: window=2012-01-01→2012-12-31, partition=2/3, run_id=local_20260313_101732_dfd1a4
2026-03-13 10:17:56,159 [INFO] src.bq_io: BigQuery client initialized for project: capstone-487001
2026-03-13 10:17:56,168 [INFO] src.bq_io: BigQuery client initialized for project: capstone-487001
2026-03-13 10:17:56,185 [INFO] src.bq_io: BigQuery client initialized for project: capstone-487001
2026-03-13 10:17:59,888 [INFO] src.bq_io: Loaded 24,651 residual rows for window 2012-01-01→2012-12-31
2026-03-13 10:17:59,935 [INFO] src.bq_io: Loaded 24,651 residual rows for window 2012-01-01→2012-12-31
2026-03-13 10:17:59,985 [INFO] jobs.pair_job: Loaded residuals: 99 tickers, 249 dates
2026-03-13 10:18:00,016 [INFO] jobs.pair_job: Loaded residuals: 99 tickers, 249 dates
2026-03-13 10:18:00,848 [INFO] src.bq_io: Loaded 24,651 residual rows for window 2012-01-01→2012-12-31
2026-03-13 10:18:00,946 [INFO] jobs.pair_job: Loaded residuals: 99 tickers, 249 dates
2026-03-13 10:18:01,615 [INFO] src.universe: Loaded 99 valid tickers
2026-03-13 10:18:01,617 [INFO] src.universe: Generated 4,851 pairs from 99 tickers
2026-03-13 10:18:01,618 [INFO] src.universe: Partition 1/3: 1,617 / 4,851 pairs assigned
2026-03-13 10:18:01,618 [INFO] jobs.pair_job: Partition 1: processing 1,617 pairs
2026-03-13 10:18:01,863 [INFO] src.universe: Loaded 99 valid tickers
2026-03-13 10:18:01,864 [INFO] src.universe: Generated 4,851 pairs from 99 tickers
2026-03-13 10:18:01,864 [INFO] src.universe: Partition 0/3: 1,617 / 4,851 pairs assigned
2026-03-13 10:18:01,865 [INFO] jobs.pair_job: Partition 0: processing 1,617 pairs
2026-03-13 10:18:02,413 [INFO] src.universe: Loaded 99 valid tickers
2026-03-13 10:18:02,414 [INFO] src.universe: Generated 4,851 pairs from 99 tickers
2026-03-13 10:18:02,415 [INFO] src.universe: Partition 2/3: 1,617 / 4,851 pairs assigned
2026-03-13 10:18:02,415 [INFO] jobs.pair_job: Partition 2: processing 1,617 pairs
