2026-03-13 10:32:50,553 [INFO] __main__: Config loaded from: C:\Users\ethan\VSCode\Capstone\lead_lag_local\config\config.yaml
2026-03-13 10:32:50,553 [INFO] __main__: ======================================================================
2026-03-13 10:32:50,553 [INFO] __main__: PIPELINE START | window=2010-04-01→2011-03-31 | run_id=local_20260313_103250_772e8c
2026-03-13 10:32:50,554 [INFO] __main__:   step=all | workers=3 | monthly=False
2026-03-13 10:32:50,554 [INFO] __main__: ======================================================================
2026-03-13 10:32:53,155 [INFO] __main__: [RESIDUALS] Window 2010-04-01 → 2011-03-31
2026-03-13 10:32:54,570 [INFO] src.bq_io: BigQuery client initialized for project: capstone-487001
2026-03-13 10:32:57,836 [INFO] src.universe: Loaded 99 valid tickers
2026-03-13 10:32:57,836 [INFO] src.residuals: Computing residuals for window 2010-04-01 → 2011-03-31
2026-03-13 10:33:00,005 [INFO] src.bq_io: Loaded 24,986 price rows for 99 tickers (2010-04-01→2011-03-31)
2026-03-13 10:33:02,343 [INFO] src.residuals: DEBUG: Merged data has 24986 rows after joining prices and factors.
2026-03-13 10:33:02,494 [INFO] src.residuals: Residuals computed: 24,887 rows across 99 tickers
2026-03-13 10:33:09,553 [INFO] src.bq_io: Wrote 24,887 rows to capstone-487001.output_results_local.rolling_residuals (WRITE_APPEND)
2026-03-13 10:33:09,554 [INFO] __main__: [RESIDUALS] Done: 24,887 rows written
2026-03-13 10:33:09,554 [INFO] __main__: [PAIRS] Window 2010-04-01 → 2011-03-31 | 3 partitions across 3 workers
2026-03-13 11:18:44,467 [INFO] __main__:   Partition 2 ✓
2026-03-13 11:18:54,826 [INFO] __main__:   Partition 1 ✓
2026-03-13 11:23:12,851 [INFO] __main__:   Partition 0 ✓
2026-03-13 11:23:13,011 [INFO] __main__: [PAIRS] All 3 partitions complete
2026-03-13 11:23:13,442 [INFO] __main__: [AGGREGATION] Window 2010-04-01 → 2011-03-31
2026-03-13 11:23:13,442 [INFO] jobs.aggregation_job: === AGGREGATION JOB START === run_id=local_20260313_103250_772e8c, window=2010-04-01→2011-03-31
2026-03-13 11:23:13,443 [INFO] jobs.aggregation_job: Step 1: Loading raw pair results...
2026-03-13 11:23:16,760 [INFO] src.bq_io: Loaded 24,255 raw pair-lag records for window 2010-04-01
2026-03-13 11:23:16,761 [INFO] jobs.aggregation_job:   24,255 raw pair-lag records loaded
2026-03-13 11:23:16,762 [INFO] jobs.aggregation_job: Step 2: Applying Benjamini-Hochberg FDR...
2026-03-13 11:23:16,785 [INFO] src.fdr: Window 2010-04-01: 4,851 unique pairs with valid dCor
2026-03-13 11:23:16,788 [INFO] src.fdr: Window 2010-04-01: 0 / 4,851 pairs significant at FDR q < 0.05
2026-03-13 11:23:21,309 [INFO] src.bq_io: Wrote 4,851 rows to capstone-487001.output_results_local.pair_results_filtered (WRITE_APPEND)
2026-03-13 11:23:21,310 [INFO] jobs.aggregation_job:   0 pairs significant after FDR
2026-03-13 11:23:21,324 [INFO] jobs.aggregation_job: Step 3: Computing OOS strategy returns...
2026-03-13 11:23:21,327 [WARNING] jobs.aggregation_job:   No OOS strategy returns computed (no significant pairs or no data)
2026-03-13 11:23:21,328 [INFO] jobs.aggregation_job: Step 4: Computing global OOS Sharpe per pair...
2026-03-13 11:23:21,329 [INFO] src.oos_model: Computing global OOS Sharpe per pair...
2026-03-13 11:23:23,080 [INFO] src.bq_io: Loaded 0 OOS return records
2026-03-13 11:23:23,081 [WARNING] src.oos_model: No OOS strategy returns found.
2026-03-13 11:23:23,083 [INFO] jobs.aggregation_job:   Global Sharpe computed for 0 pairs
2026-03-13 11:23:23,084 [INFO] jobs.aggregation_job: Step 5: Computing stability metrics across all windows...
2026-03-13 11:23:23,086 [INFO] src.stability: Computing stability metrics across all windows...
2026-03-13 11:23:25,101 [INFO] src.bq_io: Loaded 0 filtered pair records across all windows
2026-03-13 11:23:25,101 [WARNING] src.stability: No filtered pair results found. Cannot compute stability.
2026-03-13 11:23:25,102 [INFO] jobs.aggregation_job:   Stability metrics for 0 pairs
2026-03-13 11:23:25,102 [INFO] jobs.aggregation_job: Step 6: Using frozen β weights (monthly update mode)...
2026-03-13 11:23:26,904 [WARNING] jobs.aggregation_job: No model weights found. Cannot compute stability scores.
2026-03-13 11:23:26,905 [INFO] jobs.aggregation_job:   No frozen weights found. Running initial model fit...
2026-03-13 11:23:26,906 [INFO] jobs.aggregation_job: Step 7: Computing predicted Sharpe and Signal Strength...
2026-03-13 11:23:26,909 [INFO] jobs.aggregation_job: Step 8: Building final_network...
2026-03-13 11:23:28,751 [WARNING] jobs.aggregation_job: Step 8: No stability data to build final_network. Skipping.
2026-03-13 11:23:28,751 [WARNING] jobs.aggregation_job:   Skipping final_network update — no data.
2026-03-13 11:23:28,752 [INFO] jobs.aggregation_job: Step 9: Computing network centrality...
2026-03-13 11:23:30,937 [WARNING] src.network: No network data found for 2026-03-13
2026-03-13 11:23:30,938 [INFO] jobs.aggregation_job: Step 10: Running Monte Carlo simulation...
2026-03-13 11:23:32,708 [INFO] src.bq_io: Loaded 0 OOS return records
2026-03-13 11:23:32,709 [INFO] jobs.aggregation_job: Step 11: Running synthetic health check...
2026-03-13 11:23:32,710 [INFO] src.synthetic: Running synthetic health check (fixed seed)...
2026-03-13 11:43:54,337 [INFO] src.synthetic: Synthetic health check: TPR=98.00%, FPR=2.67%, Rank Acc=96.00%, Status=PASS
2026-03-13 11:43:59,109 [INFO] src.bq_io: Wrote 1 rows to capstone-487001.output_results_local.synthetic_health_log (WRITE_APPEND)
2026-03-13 11:43:59,109 [INFO] src.bq_io: Synthetic health check result logged.
2026-03-13 11:43:59,109 [INFO] jobs.aggregation_job:   Health check: PASS
2026-03-13 11:44:02,514 [INFO] src.bq_io: Wrote 1 rows to capstone-487001.output_results_local.pipeline_run_log (WRITE_APPEND)
2026-03-13 11:44:02,515 [INFO] jobs.aggregation_job: === AGGREGATION JOB COMPLETE === 1245.7s
2026-03-13 11:44:02,516 [INFO] __main__: [AGGREGATION] Done
2026-03-13 11:44:02,517 [INFO] __main__: PIPELINE COMPLETE | 4272.0s | window=2010-04-01→2011-03-31
